#
# There is insufficient memory for the Java Runtime Environment to continue.
# Native memory allocation (malloc) failed to allocate 2001136 bytes for Chunk::new
# Possible reasons:
#   The system is out of physical RAM or swap space
#   The process is running with CompressedOops enabled, and the Java Heap may be blocking the growth of the native heap
# Possible solutions:
#   Reduce memory load on the system
#   Increase physical memory or swap space
#   Check if swap backing store is full
#   Decrease Java heap size (-Xmx/-Xms)
#   Decrease number of Java threads
#   Decrease Java thread stack sizes (-Xss)
#   Set larger code cache with -XX:ReservedCodeCacheSize=
#   JVM is running with Unscaled Compressed Oops mode in which the Java heap is
#     placed in the first 4GB address space. The Java Heap base address is the
#     maximum limit for the native heap growth. Please use -XX:HeapBaseMinAddress
#     to set the Java Heap base and to place the Java Heap above 4GB virtual address.
# This output file may be truncated or incomplete.
#
#  Out of Memory Error (arena.cpp:184), pid=14908, tid=10252
#
# JRE version: Java(TM) SE Runtime Environment (18.0.1.1+2) (build 18.0.1.1+2-6)
# Java VM: Java HotSpot(TM) 64-Bit Server VM (18.0.1.1+2-6, mixed mode, sharing, tiered, compressed oops, compressed class ptrs, g1 gc, windows-amd64)
# No core dump will be written. Minidumps are not enabled by default on client versions of Windows
#

---------------  S U M M A R Y ------------

Command Line: -Dorg.gradle.internal.worker.tmpdir=C:\Users\marce\OneDrive\Documents\MARCELA\Ing. Sistemas\8vo semestre\Proyecto Final\uniLocal\build\tmp\test\work -Dorg.gradle.native=false -Xmx512m -Dfile.encoding=windows-1252 -Duser.country=CO -Duser.language=es -Duser.variant -ea worker.org.gradle.process.internal.worker.GradleWorkerMain 'Gradle Test Executor 1'

Host: AMD Ryzen 3 5300U with Radeon Graphics         , 8 cores, 3G,  Windows 11 , 64 bit Build 22621 (10.0.22621.3374)
Time: Sat Apr 13 15:33:16 2024 Hora est. Pacífico, Sudamérica elapsed time: 10.589279 seconds (0d 0h 0m 10s)

---------------  T H R E A D  ---------------

Current thread (0x0000020eeff61410):  JavaThread "C2 CompilerThread0" daemon [_thread_in_native, id=10252, stack(0x000000d69be00000,0x000000d69bf00000)]


Current CompileTask:
C2:  10589 3934       4       org.springframework.beans.factory.support.AbstractBeanFactory::isTypeMatch (619 bytes)

Stack: [0x000000d69be00000,0x000000d69bf00000]
Native frames: (J=compiled Java code, j=interpreted, Vv=VM code, C=native code)
V  [jvm.dll+0x69887a]
V  [jvm.dll+0x7f38bd]
V  [jvm.dll+0x7f51ce]
V  [jvm.dll+0x7f5883]
V  [jvm.dll+0x25ca3f]
V  [jvm.dll+0xb8c2f]
V  [jvm.dll+0xb8fa5]
V  [jvm.dll+0x385a6b]
V  [jvm.dll+0x34f811]
V  [jvm.dll+0x34ecaa]
V  [jvm.dll+0x22fc21]
V  [jvm.dll+0x22eff1]
V  [jvm.dll+0x1b9cfc]
V  [jvm.dll+0x23e8ca]
V  [jvm.dll+0x23cbb5]
V  [jvm.dll+0x7a5fb1]
V  [jvm.dll+0x7a03ea]
V  [jvm.dll+0x697725]
C  [ucrtbase.dll+0x29333]
C  [KERNEL32.DLL+0x1257d]
C  [ntdll.dll+0x5aa48]


---------------  P R O C E S S  ---------------

Threads class SMR info:
_java_thread_list=0x0000020ef58ecc60, length=19, elements={
0x0000020ed4e8f940, 0x0000020eeff41870, 0x0000020eeff444e0, 0x0000020eeff59b20,
0x0000020eeff5a3d0, 0x0000020eeff5ad70, 0x0000020eeff5b710, 0x0000020eeff61410,
0x0000020eeff61df0, 0x0000020eeff7a290, 0x0000020ef44b3e90, 0x0000020ef44ba160,
0x0000020ef4bcaa50, 0x0000020ef4c10900, 0x0000020ef4c10dc0, 0x0000020ef7fdd040,
0x0000020ef4c40a20, 0x0000020ef7fd96e0, 0x0000020ef7fdaa20
}

Java Threads: ( => current thread )
  0x0000020ed4e8f940 JavaThread "Test worker" [_thread_in_native, id=3556, stack(0x000000d69b100000,0x000000d69b200000)]
  0x0000020eeff41870 JavaThread "Reference Handler" daemon [_thread_blocked, id=9436, stack(0x000000d69b800000,0x000000d69b900000)]
  0x0000020eeff444e0 JavaThread "Finalizer" daemon [_thread_blocked, id=8980, stack(0x000000d69b900000,0x000000d69ba00000)]
  0x0000020eeff59b20 JavaThread "Signal Dispatcher" daemon [_thread_blocked, id=13096, stack(0x000000d69ba00000,0x000000d69bb00000)]
  0x0000020eeff5a3d0 JavaThread "Attach Listener" daemon [_thread_blocked, id=13660, stack(0x000000d69bb00000,0x000000d69bc00000)]
  0x0000020eeff5ad70 JavaThread "Service Thread" daemon [_thread_blocked, id=13908, stack(0x000000d69bc00000,0x000000d69bd00000)]
  0x0000020eeff5b710 JavaThread "Monitor Deflation Thread" daemon [_thread_blocked, id=7060, stack(0x000000d69bd00000,0x000000d69be00000)]
=>0x0000020eeff61410 JavaThread "C2 CompilerThread0" daemon [_thread_in_native, id=10252, stack(0x000000d69be00000,0x000000d69bf00000)]
  0x0000020eeff61df0 JavaThread "C1 CompilerThread0" daemon [_thread_blocked, id=9064, stack(0x000000d69bf00000,0x000000d69c000000)]
  0x0000020eeff7a290 JavaThread "Sweeper thread" daemon [_thread_blocked, id=3684, stack(0x000000d69c000000,0x000000d69c100000)]
  0x0000020ef44b3e90 JavaThread "Notification Thread" daemon [_thread_blocked, id=14992, stack(0x000000d69c100000,0x000000d69c200000)]
  0x0000020ef44ba160 JavaThread "Common-Cleaner" daemon [_thread_blocked, id=15956, stack(0x000000d69c300000,0x000000d69c400000)]
  0x0000020ef4bcaa50 JavaThread "/127.0.0.1:54602 to /127.0.0.1:54601 workers" [_thread_blocked, id=8520, stack(0x000000d69c500000,0x000000d69c600000)]
  0x0000020ef4c10900 JavaThread "/127.0.0.1:54602 to /127.0.0.1:54601 workers Thread 2" [_thread_blocked, id=13164, stack(0x000000d69c600000,0x000000d69c700000)]
  0x0000020ef4c10dc0 JavaThread "/127.0.0.1:54602 to /127.0.0.1:54601 workers Thread 3" [_thread_in_native, id=15892, stack(0x000000d69c700000,0x000000d69c800000)]
  0x0000020ef7fdd040 JavaThread "BufferPoolPruner-1-thread-1" daemon [_thread_blocked, id=10080, stack(0x000000d69d000000,0x000000d69d100000)]
  0x0000020ef4c40a20 JavaThread "cluster-ClusterId{value='661aec0b17468803b4d0e100', description='null'}-localhost:27017" daemon [_thread_in_native, id=15472, stack(0x000000d69d100000,0x000000d69d200000)]
  0x0000020ef7fd96e0 JavaThread "cluster-rtt-ClusterId{value='661aec0b17468803b4d0e100', description='null'}-localhost:27017" daemon [_thread_blocked, id=1296, stack(0x000000d69d200000,0x000000d69d300000)]
  0x0000020ef7fdaa20 JavaThread "MaintenanceTimer-2-thread-1" daemon [_thread_blocked, id=3080, stack(0x000000d69d400000,0x000000d69d500000)]

Other Threads:
  0x0000020eeff3fec0 VMThread "VM Thread" [stack: 0x000000d69b700000,0x000000d69b800000] [id=16056]
  0x0000020ef44b6360 WatcherThread "VM Periodic Task Thread" [stack: 0x000000d69c200000,0x000000d69c300000] [id=6184]
  0x0000020ed4ec9890 WorkerThread "GC Thread#0" [stack: 0x000000d69b200000,0x000000d69b300000] [id=11728]
  0x0000020ef4c1b6e0 WorkerThread "GC Thread#1" [stack: 0x000000d69c800000,0x000000d69c900000] [id=2268]
  0x0000020ef4e6dd70 WorkerThread "GC Thread#2" [stack: 0x000000d69c900000,0x000000d69ca00000] [id=14764]
  0x0000020ef4e6e010 WorkerThread "GC Thread#3" [stack: 0x000000d69ca00000,0x000000d69cb00000] [id=14824]
  0x0000020ef4e7c440 WorkerThread "GC Thread#4" [stack: 0x000000d69cb00000,0x000000d69cc00000] [id=2348]
  0x0000020ef4e7c6e0 WorkerThread "GC Thread#5" [stack: 0x000000d69cc00000,0x000000d69cd00000] [id=12672]
  0x0000020ef4e7c980 WorkerThread "GC Thread#6" [stack: 0x000000d69cd00000,0x000000d69ce00000] [id=7948]
  0x0000020ef4e7cc20 WorkerThread "GC Thread#7" [stack: 0x000000d69ce00000,0x000000d69cf00000] [id=5672]
  0x0000020ed4ece7c0 ConcurrentGCThread "G1 Main Marker" [stack: 0x000000d69b300000,0x000000d69b400000] [id=14364]
  0x0000020ed4ecf1b0 WorkerThread "G1 Conc#0" [stack: 0x000000d69b400000,0x000000d69b500000] [id=1604]
  0x0000020ef53c3d20 WorkerThread "G1 Conc#1" [stack: 0x000000d69d300000,0x000000d69d400000] [id=14236]
  0x0000020ed4f0ef00 ConcurrentGCThread "G1 Refine#0" [stack: 0x000000d69b500000,0x000000d69b600000] [id=16064]
  0x0000020ef72e8070 ConcurrentGCThread "G1 Refine#1" [stack: 0x000000d69cf00000,0x000000d69d000000] [id=7784]
  0x0000020ed4f0f810 ConcurrentGCThread "G1 Service" [stack: 0x000000d69b600000,0x000000d69b700000] [id=16128]

Threads with active compile tasks:
C2 CompilerThread0    10640 3934       4       org.springframework.beans.factory.support.AbstractBeanFactory::isTypeMatch (619 bytes)

VM state: not at safepoint (normal execution)

VM Mutex/Monitor currently owned by a thread: None

Heap address: 0x00000000e0000000, size: 512 MB, Compressed Oops mode: 32-bit

CDS archive(s) mapped at: [0x0000000800000000-0x0000000800ba0000-0x0000000800ba0000), size 12189696, SharedBaseAddress: 0x0000000800000000, ArchiveRelocationMode: 0.
Compressed class space mapped at: 0x0000000800c00000-0x0000000840c00000, reserved size: 1073741824
Narrow klass base: 0x0000000800000000, Narrow klass shift: 0, Narrow klass range: 0x100000000

GC Precious Log:
 CardTable entry size: 512
 Card Set container configuration: InlinePtr #cards 5 size 8 Array Of Cards #cards 12 size 40 Howl #buckets 4 coarsen threshold 1843 Howl Bitmap #cards 512 size 80 coarsen threshold 460 Card regions per heap region 1 cards per card region 2048
 CPUs: 8 total, 8 available
 Memory: 3406M
 Large Page Support: Disabled
 NUMA Support: Disabled
 Compressed Oops: Enabled (32-bit)
 Heap Region Size: 1M
 Heap Min Capacity: 8M
 Heap Initial Capacity: 54M
 Heap Max Capacity: 512M
 Pre-touch: Disabled
 Parallel Workers: 8
 Concurrent Workers: 2
 Concurrent Refinement Workers: 8
 Periodic GC: Disabled

Heap:
 garbage-first heap   total 55296K, used 27625K [0x00000000e0000000, 0x0000000100000000)
  region size 1024K, 14 young (14336K), 3 survivors (3072K)
 Metaspace       used 34888K, committed 35392K, reserved 1114112K
  class space    used 4668K, committed 4928K, reserved 1048576K

Heap Regions: E=young(eden), S=young(survivor), O=old, HS=humongous(starts), HC=humongous(continues), CS=collection set, F=free, OA=open archive, CA=closed archive, TAMS=top-at-mark-start (previous, next)
|   0|0x00000000e0000000, 0x00000000e0100000, 0x00000000e0100000|100%| O|  |TAMS 0x00000000e0100000, 0x00000000e0000000| Untracked 
|   1|0x00000000e0100000, 0x00000000e0200000, 0x00000000e0200000|100%| O|  |TAMS 0x00000000e0200000, 0x00000000e0100000| Untracked 
|   2|0x00000000e0200000, 0x00000000e0300000, 0x00000000e0300000|100%| O|  |TAMS 0x00000000e0300000, 0x00000000e0200000| Untracked 
|   3|0x00000000e0300000, 0x00000000e0400000, 0x00000000e0400000|100%| O|  |TAMS 0x00000000e0400000, 0x00000000e0300000| Untracked 
|   4|0x00000000e0400000, 0x00000000e0500000, 0x00000000e0500000|100%| O|  |TAMS 0x00000000e0500000, 0x00000000e0400000| Untracked 
|   5|0x00000000e0500000, 0x00000000e0600000, 0x00000000e0600000|100%| O|  |TAMS 0x00000000e0600000, 0x00000000e0500000| Untracked 
|   6|0x00000000e0600000, 0x00000000e0700000, 0x00000000e0700000|100%| O|  |TAMS 0x00000000e0700000, 0x00000000e0600000| Untracked 
|   7|0x00000000e0700000, 0x00000000e0800000, 0x00000000e0800000|100%| O|  |TAMS 0x00000000e0800000, 0x00000000e0700000| Untracked 
|   8|0x00000000e0800000, 0x00000000e0900000, 0x00000000e0900000|100%| O|  |TAMS 0x00000000e08e9000, 0x00000000e0800000| Untracked 
|   9|0x00000000e0900000, 0x00000000e0a00000, 0x00000000e0a00000|100%| O|  |TAMS 0x00000000e0900000, 0x00000000e0900000| Untracked 
|  10|0x00000000e0a00000, 0x00000000e0a40400, 0x00000000e0b00000| 25%| O|  |TAMS 0x00000000e0a00000, 0x00000000e0a00000| Untracked 
|  11|0x00000000e0b00000, 0x00000000e0c00000, 0x00000000e0c00000|100%| O|  |TAMS 0x00000000e0b00000, 0x00000000e0b00000| Untracked 
|  12|0x00000000e0c00000, 0x00000000e0d00000, 0x00000000e0d00000|100%| O|  |TAMS 0x00000000e0c00000, 0x00000000e0c00000| Untracked 
|  13|0x00000000e0d00000, 0x00000000e0e00000, 0x00000000e0e00000|100%| O|  |TAMS 0x00000000e0d00000, 0x00000000e0d00000| Untracked 
|  14|0x00000000e0e00000, 0x00000000e0f00000, 0x00000000e0f00000|100%| O|  |TAMS 0x00000000e0e00000, 0x00000000e0e00000| Untracked 
|  15|0x00000000e0f00000, 0x00000000e1000000, 0x00000000e1000000|100%| O|  |TAMS 0x00000000e0f00000, 0x00000000e0f00000| Untracked 
|  16|0x00000000e1000000, 0x00000000e1070c00, 0x00000000e1100000| 44%| O|  |TAMS 0x00000000e1000000, 0x00000000e1000000| Untracked 
|  17|0x00000000e1100000, 0x00000000e1100000, 0x00000000e1200000|  0%| F|  |TAMS 0x00000000e1100000, 0x00000000e1100000| Untracked 
|  18|0x00000000e1200000, 0x00000000e1200000, 0x00000000e1300000|  0%| F|  |TAMS 0x00000000e1200000, 0x00000000e1200000| Untracked 
|  19|0x00000000e1300000, 0x00000000e1300000, 0x00000000e1400000|  0%| F|  |TAMS 0x00000000e1300000, 0x00000000e1300000| Untracked 
|  20|0x00000000e1400000, 0x00000000e1400000, 0x00000000e1500000|  0%| F|  |TAMS 0x00000000e1400000, 0x00000000e1400000| Untracked 
|  21|0x00000000e1500000, 0x00000000e1500000, 0x00000000e1600000|  0%| F|  |TAMS 0x00000000e1500000, 0x00000000e1500000| Untracked 
|  22|0x00000000e1600000, 0x00000000e1600000, 0x00000000e1700000|  0%| F|  |TAMS 0x00000000e1600000, 0x00000000e1600000| Untracked 
|  23|0x00000000e1700000, 0x00000000e1700000, 0x00000000e1800000|  0%| F|  |TAMS 0x00000000e1700000, 0x00000000e1700000| Untracked 
|  24|0x00000000e1800000, 0x00000000e1800000, 0x00000000e1900000|  0%| F|  |TAMS 0x00000000e1800000, 0x00000000e1800000| Untracked 
|  25|0x00000000e1900000, 0x00000000e1900000, 0x00000000e1a00000|  0%| F|  |TAMS 0x00000000e1900000, 0x00000000e1900000| Untracked 
|  26|0x00000000e1a00000, 0x00000000e1a49700, 0x00000000e1b00000| 28%| S|CS|TAMS 0x00000000e1a00000, 0x00000000e1a00000| Complete 
|  27|0x00000000e1b00000, 0x00000000e1c00000, 0x00000000e1c00000|100%| S|CS|TAMS 0x00000000e1b00000, 0x00000000e1b00000| Complete 
|  28|0x00000000e1c00000, 0x00000000e1c00000, 0x00000000e1d00000|  0%| F|  |TAMS 0x00000000e1c00000, 0x00000000e1c00000| Untracked 
|  29|0x00000000e1d00000, 0x00000000e1d00000, 0x00000000e1e00000|  0%| F|  |TAMS 0x00000000e1d00000, 0x00000000e1d00000| Untracked 
|  30|0x00000000e1e00000, 0x00000000e1e00000, 0x00000000e1f00000|  0%| F|  |TAMS 0x00000000e1e00000, 0x00000000e1e00000| Untracked 
|  31|0x00000000e1f00000, 0x00000000e2000000, 0x00000000e2000000|100%| S|CS|TAMS 0x00000000e1f00000, 0x00000000e1f00000| Complete 
|  32|0x00000000e2000000, 0x00000000e2000000, 0x00000000e2100000|  0%| F|  |TAMS 0x00000000e2000000, 0x00000000e2000000| Untracked 
|  33|0x00000000e2100000, 0x00000000e2100000, 0x00000000e2200000|  0%| F|  |TAMS 0x00000000e2100000, 0x00000000e2100000| Untracked 
|  34|0x00000000e2200000, 0x00000000e2200000, 0x00000000e2300000|  0%| F|  |TAMS 0x00000000e2200000, 0x00000000e2200000| Untracked 
|  35|0x00000000e2300000, 0x00000000e2300000, 0x00000000e2400000|  0%| F|  |TAMS 0x00000000e2300000, 0x00000000e2300000| Untracked 
|  36|0x00000000e2400000, 0x00000000e2400000, 0x00000000e2500000|  0%| F|  |TAMS 0x00000000e2400000, 0x00000000e2400000| Untracked 
|  37|0x00000000e2500000, 0x00000000e2500000, 0x00000000e2600000|  0%| F|  |TAMS 0x00000000e2500000, 0x00000000e2500000| Untracked 
|  38|0x00000000e2600000, 0x00000000e2600000, 0x00000000e2700000|  0%| F|  |TAMS 0x00000000e2600000, 0x00000000e2600000| Untracked 
|  39|0x00000000e2700000, 0x00000000e2700000, 0x00000000e2800000|  0%| F|  |TAMS 0x00000000e2700000, 0x00000000e2700000| Untracked 
|  40|0x00000000e2800000, 0x00000000e2800000, 0x00000000e2900000|  0%| F|  |TAMS 0x00000000e2800000, 0x00000000e2800000| Untracked 
|  41|0x00000000e2900000, 0x00000000e2900000, 0x00000000e2a00000|  0%| F|  |TAMS 0x00000000e2900000, 0x00000000e2900000| Untracked 
|  42|0x00000000e2a00000, 0x00000000e2a00000, 0x00000000e2b00000|  0%| F|  |TAMS 0x00000000e2a00000, 0x00000000e2a00000| Untracked 
|  43|0x00000000e2b00000, 0x00000000e2c00000, 0x00000000e2c00000|100%| E|  |TAMS 0x00000000e2b00000, 0x00000000e2b00000| Complete 
|  44|0x00000000e2c00000, 0x00000000e2d00000, 0x00000000e2d00000|100%| E|CS|TAMS 0x00000000e2c00000, 0x00000000e2c00000| Complete 
|  45|0x00000000e2d00000, 0x00000000e2e00000, 0x00000000e2e00000|100%| E|CS|TAMS 0x00000000e2d00000, 0x00000000e2d00000| Complete 
|  46|0x00000000e2e00000, 0x00000000e2f00000, 0x00000000e2f00000|100%| E|CS|TAMS 0x00000000e2e00000, 0x00000000e2e00000| Complete 
|  47|0x00000000e2f00000, 0x00000000e3000000, 0x00000000e3000000|100%| E|CS|TAMS 0x00000000e2f00000, 0x00000000e2f00000| Complete 
|  48|0x00000000e3000000, 0x00000000e3100000, 0x00000000e3100000|100%| E|CS|TAMS 0x00000000e3000000, 0x00000000e3000000| Complete 
|  49|0x00000000e3100000, 0x00000000e3200000, 0x00000000e3200000|100%| E|  |TAMS 0x00000000e3100000, 0x00000000e3100000| Complete 
|  50|0x00000000e3200000, 0x00000000e3300000, 0x00000000e3300000|100%| E|CS|TAMS 0x00000000e3200000, 0x00000000e3200000| Complete 
|  51|0x00000000e3300000, 0x00000000e3400000, 0x00000000e3400000|100%| E|CS|TAMS 0x00000000e3300000, 0x00000000e3300000| Complete 
|  52|0x00000000e3400000, 0x00000000e3500000, 0x00000000e3500000|100%| E|CS|TAMS 0x00000000e3400000, 0x00000000e3400000| Complete 
|  53|0x00000000e3500000, 0x00000000e3600000, 0x00000000e3600000|100%| E|CS|TAMS 0x00000000e3500000, 0x00000000e3500000| Complete 

Card table byte_map: [0x0000020eec350000,0x0000020eec450000] _byte_map_base: 0x0000020eebc50000

Marking Bits (Prev, Next): (CMBitMap*) 0x0000020ed4ec9ed0, (CMBitMap*) 0x0000020ed4ec9e90
 Prev Bits: [0x0000020eecd50000, 0x0000020eed550000)
 Next Bits: [0x0000020eec550000, 0x0000020eecd50000)

Polling page: 0x0000020ed4f20000

Metaspace:

Usage:
  Non-class:     29.52 MB used.
      Class:      4.56 MB used.
       Both:     34.08 MB used.

Virtual space:
  Non-class space:       64.00 MB reserved,      29.75 MB ( 46%) committed,  1 nodes.
      Class space:        1.00 GB reserved,       4.81 MB ( <1%) committed,  1 nodes.
             Both:        1.06 GB reserved,      34.56 MB (  3%) committed. 

Chunk freelists:
   Non-Class:  2.22 MB
       Class:  3.22 MB
        Both:  5.44 MB

MaxMetaspaceSize: unlimited
CompressedClassSpaceSize: 1.00 GB
Initial GC threshold: 21.00 MB
Current GC threshold: 35.44 MB
CDS: on
MetaspaceReclaimPolicy: balanced
 - commit_granule_bytes: 65536.
 - commit_granule_words: 8192.
 - virtual_space_node_default_size: 8388608.
 - enlarge_chunks_in_place: 1.
 - new_chunks_are_fully_committed: 0.
 - uncommit_free_chunks: 1.
 - use_allocation_guard: 0.


Internal statistics:

num_allocs_failed_limit: 3.
num_arena_births: 598.
num_arena_deaths: 0.
num_vsnodes_births: 2.
num_vsnodes_deaths: 0.
num_space_committed: 553.
num_space_uncommitted: 0.
num_chunks_returned_to_freelist: 3.
num_chunks_taken_from_freelist: 1806.
num_chunk_merges: 3.
num_chunk_splits: 1265.
num_chunks_enlarged: 973.
num_inconsistent_stats: 0.

CodeHeap 'non-profiled nmethods': size=120000Kb used=1775Kb max_used=1775Kb free=118224Kb
 bounds [0x0000020ee42c0000, 0x0000020ee4530000, 0x0000020eeb7f0000]
CodeHeap 'profiled nmethods': size=120000Kb used=8832Kb max_used=8832Kb free=111167Kb
 bounds [0x0000020edcd90000, 0x0000020edd640000, 0x0000020ee42c0000]
CodeHeap 'non-nmethods': size=5760Kb used=1237Kb max_used=1276Kb free=4522Kb
 bounds [0x0000020edc7f0000, 0x0000020edca60000, 0x0000020edcd90000]
 total_blobs=4602 nmethods=4070 adapters=444
 compilation: enabled
              stopped_count=0, restarted_count=0
 full_count=0

Compilation events (20 events):
Event: 10.544 Thread 0x0000020eeff61df0 4072       3       java.util.regex.Matcher::<init> (95 bytes)
Event: 10.545 Thread 0x0000020eeff61df0 nmethod 4072 0x0000020edd625c10 code [0x0000020edd625de0, 0x0000020edd626408]
Event: 10.545 Thread 0x0000020eeff61df0 4073       3       java.lang.StringBuilder::toString (35 bytes)
Event: 10.545 Thread 0x0000020eeff61df0 nmethod 4073 0x0000020edd626590 code [0x0000020edd626760, 0x0000020edd626a38]
Event: 10.545 Thread 0x0000020eeff61df0 4074       3       sun.nio.fs.WindowsFileAttributes::isDirectory (25 bytes)
Event: 10.545 Thread 0x0000020eeff61df0 nmethod 4074 0x0000020edd626b10 code [0x0000020edd626cc0, 0x0000020edd626f58]
Event: 10.545 Thread 0x0000020eeff61df0 4075   !   3       java.nio.file.FileTreeWalker::visit (204 bytes)
Event: 10.547 Thread 0x0000020eeff61df0 nmethod 4075 0x0000020edd627010 code [0x0000020edd627360, 0x0000020edd628978]
Event: 10.548 Thread 0x0000020eeff61df0 4078       3       java.util.stream.ForEachOps$ForEachOp$OfRef::accept (11 bytes)
Event: 10.548 Thread 0x0000020eeff61df0 nmethod 4078 0x0000020edd629290 code [0x0000020edd629440, 0x0000020edd629608]
Event: 10.548 Thread 0x0000020eeff61df0 4081       3       java.nio.HeapByteBuffer::put (16 bytes)
Event: 10.548 Thread 0x0000020eeff61df0 nmethod 4081 0x0000020edd629710 code [0x0000020edd6298c0, 0x0000020edd629c08]
Event: 10.548 Thread 0x0000020eeff61df0 4076   !   3       java.nio.file.FileTreeWalker::getAttributes (94 bytes)
Event: 10.549 Thread 0x0000020eeff61df0 nmethod 4076 0x0000020edd629d90 code [0x0000020edd62a020, 0x0000020edd62b078]
Event: 10.549 Thread 0x0000020eeff61df0 4077       3       java.nio.file.FileTreeWalker$Event::<init> (9 bytes)
Event: 10.550 Thread 0x0000020eeff61df0 nmethod 4077 0x0000020edd62b590 code [0x0000020edd62b740, 0x0000020edd62ba58]
Event: 10.550 Thread 0x0000020eeff61df0 4082       3       org.bson.internal.CodecCache$CodecCacheKey::equals (63 bytes)
Event: 10.551 Thread 0x0000020eeff61df0 nmethod 4082 0x0000020edd62bb90 code [0x0000020edd62bd80, 0x0000020edd62c4c8]
Event: 10.551 Thread 0x0000020eeff61df0 4080       1       org.springframework.core.type.classreading.SimpleMetadataReader::getResource (5 bytes)
Event: 10.551 Thread 0x0000020eeff61df0 nmethod 4080 0x0000020ee447ba90 code [0x0000020ee447bc20, 0x0000020ee447bcf8]

GC Heap History (16 events):
Event: 2.047 GC heap before
{Heap before GC invocations=0 (full 0):
 garbage-first heap   total 55296K, used 22528K [0x00000000e0000000, 0x0000000100000000)
  region size 1024K, 23 young (23552K), 0 survivors (0K)
 Metaspace       used 6211K, committed 6400K, reserved 1114112K
  class space    used 787K, committed 896K, reserved 1048576K
}
Event: 2.061 GC heap after
{Heap after GC invocations=1 (full 0):
 garbage-first heap   total 55296K, used 7909K [0x00000000e0000000, 0x0000000100000000)
  region size 1024K, 3 young (3072K), 3 survivors (3072K)
 Metaspace       used 6211K, committed 6400K, reserved 1114112K
  class space    used 787K, committed 896K, reserved 1048576K
}
Event: 3.755 GC heap before
{Heap before GC invocations=1 (full 0):
 garbage-first heap   total 55296K, used 26341K [0x00000000e0000000, 0x0000000100000000)
  region size 1024K, 21 young (21504K), 3 survivors (3072K)
 Metaspace       used 10485K, committed 10752K, reserved 1114112K
  class space    used 1362K, committed 1472K, reserved 1048576K
}
Event: 3.760 GC heap after
{Heap after GC invocations=2 (full 0):
 garbage-first heap   total 55296K, used 9246K [0x00000000e0000000, 0x0000000100000000)
  region size 1024K, 2 young (2048K), 2 survivors (2048K)
 Metaspace       used 10485K, committed 10752K, reserved 1114112K
  class space    used 1362K, committed 1472K, reserved 1048576K
}
Event: 5.305 GC heap before
{Heap before GC invocations=2 (full 0):
 garbage-first heap   total 55296K, used 28702K [0x00000000e0000000, 0x0000000100000000)
  region size 1024K, 21 young (21504K), 2 survivors (2048K)
 Metaspace       used 14614K, committed 14848K, reserved 1114112K
  class space    used 1941K, committed 2048K, reserved 1048576K
}
Event: 5.308 GC heap after
{Heap after GC invocations=3 (full 0):
 garbage-first heap   total 55296K, used 10623K [0x00000000e0000000, 0x0000000100000000)
  region size 1024K, 3 young (3072K), 3 survivors (3072K)
 Metaspace       used 14614K, committed 14848K, reserved 1114112K
  class space    used 1941K, committed 2048K, reserved 1048576K
}
Event: 6.217 GC heap before
{Heap before GC invocations=3 (full 0):
 garbage-first heap   total 55296K, used 32127K [0x00000000e0000000, 0x0000000100000000)
  region size 1024K, 25 young (25600K), 3 survivors (3072K)
 Metaspace       used 19033K, committed 19328K, reserved 1114112K
  class space    used 2606K, committed 2752K, reserved 1048576K
}
Event: 6.221 GC heap after
{Heap after GC invocations=4 (full 0):
 garbage-first heap   total 55296K, used 11860K [0x00000000e0000000, 0x0000000100000000)
  region size 1024K, 3 young (3072K), 3 survivors (3072K)
 Metaspace       used 19033K, committed 19328K, reserved 1114112K
  class space    used 2606K, committed 2752K, reserved 1048576K
}
Event: 6.547 GC heap before
{Heap before GC invocations=4 (full 0):
 garbage-first heap   total 55296K, used 23124K [0x00000000e0000000, 0x0000000100000000)
  region size 1024K, 16 young (16384K), 3 survivors (3072K)
 Metaspace       used 21256K, committed 21568K, reserved 1114112K
  class space    used 2856K, committed 3008K, reserved 1048576K
}
Event: 6.551 GC heap after
{Heap after GC invocations=5 (full 0):
 garbage-first heap   total 55296K, used 12917K [0x00000000e0000000, 0x0000000100000000)
  region size 1024K, 3 young (3072K), 3 survivors (3072K)
 Metaspace       used 21256K, committed 21568K, reserved 1114112K
  class space    used 2856K, committed 3008K, reserved 1048576K
}
Event: 7.085 GC heap before
{Heap before GC invocations=6 (full 0):
 garbage-first heap   total 55296K, used 35445K [0x00000000e0000000, 0x0000000100000000)
  region size 1024K, 26 young (26624K), 3 survivors (3072K)
 Metaspace       used 24926K, committed 25344K, reserved 1114112K
  class space    used 3282K, committed 3456K, reserved 1048576K
}
Event: 7.091 GC heap after
{Heap after GC invocations=7 (full 0):
 garbage-first heap   total 55296K, used 14426K [0x00000000e0000000, 0x0000000100000000)
  region size 1024K, 3 young (3072K), 3 survivors (3072K)
 Metaspace       used 24926K, committed 25344K, reserved 1114112K
  class space    used 3282K, committed 3456K, reserved 1048576K
}
Event: 8.433 GC heap before
{Heap before GC invocations=7 (full 0):
 garbage-first heap   total 55296K, used 36954K [0x00000000e0000000, 0x0000000100000000)
  region size 1024K, 26 young (26624K), 3 survivors (3072K)
 Metaspace       used 28421K, committed 28800K, reserved 1114112K
  class space    used 3733K, committed 3904K, reserved 1048576K
}
Event: 8.438 GC heap after
{Heap after GC invocations=8 (full 0):
 garbage-first heap   total 55296K, used 16299K [0x00000000e0000000, 0x0000000100000000)
  region size 1024K, 4 young (4096K), 4 survivors (4096K)
 Metaspace       used 28421K, committed 28800K, reserved 1114112K
  class space    used 3733K, committed 3904K, reserved 1048576K
}
Event: 9.894 GC heap before
{Heap before GC invocations=8 (full 0):
 garbage-first heap   total 55296K, used 37803K [0x00000000e0000000, 0x0000000100000000)
  region size 1024K, 26 young (26624K), 4 survivors (4096K)
 Metaspace       used 32443K, committed 32960K, reserved 1114112K
  class space    used 4303K, committed 4544K, reserved 1048576K
}
Event: 9.903 GC heap after
{Heap after GC invocations=9 (full 0):
 garbage-first heap   total 55296K, used 18409K [0x00000000e0000000, 0x0000000100000000)
  region size 1024K, 3 young (3072K), 3 survivors (3072K)
 Metaspace       used 32443K, committed 32960K, reserved 1114112K
  class space    used 4303K, committed 4544K, reserved 1048576K
}

Deoptimization events (20 events):
Event: 10.322 Thread 0x0000020ed4e8f940 Uncommon trap: trap_request=0xffffff45 fr.pc=0x0000020ee4352b0c relative=0x000000000000018c
Event: 10.322 Thread 0x0000020ed4e8f940 Uncommon trap: reason=unstable_if action=reinterpret pc=0x0000020ee4352b0c method=java.lang.String.equals(Ljava/lang/Object;)Z @ 33 c2
Event: 10.322 Thread 0x0000020ed4e8f940 DEOPT PACKING pc=0x0000020ee4352b0c sp=0x000000d69b1f5d60
Event: 10.322 Thread 0x0000020ed4e8f940 DEOPT UNPACKING pc=0x0000020edc8423a3 sp=0x000000d69b1f5d00 mode 2
Event: 10.353 Thread 0x0000020ed4e8f940 Uncommon trap: trap_request=0xffffff45 fr.pc=0x0000020ee435bdb0 relative=0x0000000000000190
Event: 10.353 Thread 0x0000020ed4e8f940 Uncommon trap: reason=unstable_if action=reinterpret pc=0x0000020ee435bdb0 method=java.lang.String.startsWith(Ljava/lang/String;I)Z @ 50 c2
Event: 10.353 Thread 0x0000020ed4e8f940 DEOPT PACKING pc=0x0000020ee435bdb0 sp=0x000000d69b1f5e50
Event: 10.353 Thread 0x0000020ed4e8f940 DEOPT UNPACKING pc=0x0000020edc8423a3 sp=0x000000d69b1f5d58 mode 2
Event: 10.353 Thread 0x0000020ed4e8f940 Uncommon trap: trap_request=0xffffff45 fr.pc=0x0000020ee4304a7c relative=0x00000000000001dc
Event: 10.353 Thread 0x0000020ed4e8f940 Uncommon trap: reason=unstable_if action=reinterpret pc=0x0000020ee4304a7c method=java.lang.String.startsWith(Ljava/lang/String;I)Z @ 50 c2
Event: 10.353 Thread 0x0000020ed4e8f940 DEOPT PACKING pc=0x0000020ee4304a7c sp=0x000000d69b1f5de0
Event: 10.353 Thread 0x0000020ed4e8f940 DEOPT UNPACKING pc=0x0000020edc8423a3 sp=0x000000d69b1f5d58 mode 2
Event: 10.493 Thread 0x0000020ef4c40a20 Uncommon trap: trap_request=0xffffff45 fr.pc=0x0000020ee42ffd74 relative=0x0000000000000074
Event: 10.493 Thread 0x0000020ef7fd96e0 Uncommon trap: trap_request=0xffffff45 fr.pc=0x0000020ee42ffd74 relative=0x0000000000000074
Event: 10.493 Thread 0x0000020ef4c40a20 Uncommon trap: reason=unstable_if action=reinterpret pc=0x0000020ee42ffd74 method=jdk.internal.misc.Unsafe.convEndian(ZI)I @ 4 c2
Event: 10.493 Thread 0x0000020ef7fd96e0 Uncommon trap: reason=unstable_if action=reinterpret pc=0x0000020ee42ffd74 method=jdk.internal.misc.Unsafe.convEndian(ZI)I @ 4 c2
Event: 10.493 Thread 0x0000020ef7fd96e0 DEOPT PACKING pc=0x0000020ee42ffd74 sp=0x000000d69d2fee50
Event: 10.493 Thread 0x0000020ef4c40a20 DEOPT PACKING pc=0x0000020ee42ffd74 sp=0x000000d69d1fe750
Event: 10.493 Thread 0x0000020ef7fd96e0 DEOPT UNPACKING pc=0x0000020edc8423a3 sp=0x000000d69d2fed80 mode 2
Event: 10.493 Thread 0x0000020ef4c40a20 DEOPT UNPACKING pc=0x0000020edc8423a3 sp=0x000000d69d1fe680 mode 2

Classes loaded (20 events):
Event: 10.352 Loading class jdk/internal/icu/text/UCharacterIterator
Event: 10.352 Loading class jdk/internal/icu/text/UCharacterIterator done
Event: 10.352 Loading class jdk/internal/icu/impl/ReplaceableUCharacterIterator
Event: 10.353 Loading class jdk/internal/icu/impl/ReplaceableUCharacterIterator done
Event: 10.353 Loading class jdk/internal/icu/text/ReplaceableString
Event: 10.353 Loading class jdk/internal/icu/text/Replaceable
Event: 10.353 Loading class jdk/internal/icu/text/Replaceable done
Event: 10.353 Loading class jdk/internal/icu/text/ReplaceableString done
Event: 10.506 Loading class java/util/WeakHashMap$KeyIterator
Event: 10.507 Loading class java/util/WeakHashMap$HashIterator
Event: 10.507 Loading class java/util/WeakHashMap$HashIterator done
Event: 10.507 Loading class java/util/WeakHashMap$KeyIterator done
Event: 10.507 Loading class java/util/WeakHashMap$EntrySet
Event: 10.508 Loading class java/util/WeakHashMap$EntrySet done
Event: 10.508 Loading class java/util/WeakHashMap$EntryIterator
Event: 10.508 Loading class java/util/WeakHashMap$EntryIterator done
Event: 10.512 Loading class java/nio/HeapByteBufferR
Event: 10.512 Loading class java/nio/HeapByteBufferR done
Event: 10.528 Loading class java/util/function/LongBinaryOperator
Event: 10.528 Loading class java/util/function/LongBinaryOperator done

Classes unloaded (0 events):
No events

Classes redefined (0 events):
No events

Internal exceptions (20 events):
Event: 8.868 Thread 0x0000020ed4e8f940 Exception <a 'java/lang/NoSuchMethodError'{0x00000000e2e4ee00}: 'void java.lang.invoke.Invokers$Holder.invokeExact_MT(java.lang.Object, java.lang.Object, java.lang.Object)'> (0x00000000e2e4ee00) 
thrown [s\open\src\hotspot\share\interpreter\linkResolver.cpp, line 766]
Event: 8.903 Thread 0x0000020ed4e8f940 Exception <a 'java/lang/NoClassDefFoundError'{0x00000000e2eb4eb0}: org/flywaydb/core/Flyway> (0x00000000e2eb4eb0) 
thrown [s\open\src\hotspot\share\classfile\systemDictionary.cpp, line 244]
Event: 8.904 Thread 0x0000020ed4e8f940 Exception <a 'java/lang/NoClassDefFoundError'{0x00000000e2eb7ca8}: liquibase/integration/spring/SpringLiquibase> (0x00000000e2eb7ca8) 
thrown [s\open\src\hotspot\share\classfile\systemDictionary.cpp, line 244]
Event: 9.198 Thread 0x0000020ed4e8f940 Exception <a 'java/lang/NoSuchMethodError'{0x00000000e299b350}: 'void java.lang.invoke.DirectMethodHandle$Holder.invokeVirtual(java.lang.Object, java.lang.Object, int)'> (0x00000000e299b350) 
thrown [s\open\src\hotspot\share\interpreter\linkResolver.cpp, line 766]
Event: 9.199 Thread 0x0000020ed4e8f940 Exception <a 'java/lang/NoSuchMethodError'{0x00000000e299fcb8}: 'int java.lang.invoke.DirectMethodHandle$Holder.invokeSpecial(java.lang.Object, java.lang.Object, java.lang.Object, int)'> (0x00000000e299fcb8) 
thrown [s\open\src\hotspot\share\interpreter\linkResolver.cpp, line 766]
Event: 9.201 Thread 0x0000020ed4e8f940 Exception <a 'java/lang/NoSuchMethodError'{0x00000000e29b2680}: 'java.lang.Object java.lang.invoke.DirectMethodHandle$Holder.invokeStatic(java.lang.Object, java.lang.Object, java.lang.Object, java.lang.Object, int)'> (0x00000000e29b2680) 
thrown [s\open\src\hotspot\share\interpreter\linkResolver.cpp, line 766]
Event: 9.202 Thread 0x0000020ed4e8f940 Exception <a 'java/lang/NoSuchMethodError'{0x00000000e29ba378}: 'void java.lang.invoke.DelegatingMethodHandle$Holder.reinvoke_L(java.lang.Object, java.lang.Object, int)'> (0x00000000e29ba378) 
thrown [s\open\src\hotspot\share\interpreter\linkResolver.cpp, line 766]
Event: 9.261 Thread 0x0000020ed4e8f940 Exception <a 'java/lang/NoSuchMethodError'{0x00000000e28f6798}: 'void java.lang.invoke.Invokers$Holder.invokeExact_MT(java.lang.Object, java.lang.Object, java.lang.Object, java.lang.Object)'> (0x00000000e28f6798) 
thrown [s\open\src\hotspot\share\interpreter\linkResolver.cpp, line 766]
Event: 9.504 Thread 0x0000020ed4e8f940 Implicit null exception at 0x0000020ee44571d7 to 0x0000020ee44584fc
Event: 9.504 Thread 0x0000020ed4e8f940 Implicit null exception at 0x0000020ee4435a60 to 0x0000020ee4436410
Event: 9.504 Thread 0x0000020ed4e8f940 Exception <a 'java/lang/NoSuchMethodError'{0x00000000e2337a00}: 'java.lang.reflect.Field[] java.lang.Class.getDeclaredFields(java.lang.Class)'> (0x00000000e2337a00) 
thrown [s\open\src\hotspot\share\interpreter\linkResolver.cpp, line 766]
Event: 9.542 Thread 0x0000020ed4e8f940 Exception <a 'java/lang/NoSuchMethodError'{0x00000000e2209e48}: 'java.lang.Object java.lang.invoke.DirectMethodHandle$Holder.invokeVirtual(java.lang.Object, java.lang.Object, java.lang.Object, java.lang.Object, java.lang.Object)'> (0x00000000e2209e48) 
thrown [s\open\src\hotspot\share\interpreter\linkResolver.cpp, line 766]
Event: 9.929 Thread 0x0000020ed4e8f940 Implicit null exception at 0x0000020ee42ea4d2 to 0x0000020ee42ea9c8
Event: 9.931 Thread 0x0000020ed4e8f940 Implicit null exception at 0x0000020ee42fb852 to 0x0000020ee42fbd3c
Event: 10.096 Thread 0x0000020ed4e8f940 Exception <a 'java/lang/NoSuchMethodError'{0x00000000e34e5cb0}: 'long java.lang.invoke.DirectMethodHandle$Holder.invokeStatic(java.lang.Object)'> (0x00000000e34e5cb0) 
thrown [s\open\src\hotspot\share\interpreter\linkResolver.cpp, line 766]
Event: 10.433 Thread 0x0000020ed4e8f940 Exception <a 'java/lang/IncompatibleClassChangeError'{0x00000000e2f94aa0}: Found class java.lang.Object, but interface was expected> (0x00000000e2f94aa0) 
thrown [s\open\src\hotspot\share\interpreter\linkResolver.cpp, line 833]
Event: 10.451 Thread 0x0000020ed4e8f940 Exception <a 'java/lang/NoSuchMethodError'{0x00000000e2fd55a8}: 'java.lang.Object java.lang.invoke.DirectMethodHandle$Holder.newInvokeSpecial(java.lang.Object, java.lang.Object, java.lang.Object, int, int)'> (0x00000000e2fd55a8) 
thrown [s\open\src\hotspot\share\interpreter\linkResolver.cpp, line 766]
Event: 10.528 Thread 0x0000020ed4e8f940 Exception <a 'sun/nio/fs/WindowsException'{0x00000000e2d2f548}> (0x00000000e2d2f548) 
thrown [s\open\src\hotspot\share\prims\jni.cpp, line 516]
Event: 10.532 Thread 0x0000020ed4e8f940 Exception <a 'sun/nio/fs/WindowsException'{0x00000000e2d34f50}> (0x00000000e2d34f50) 
thrown [s\open\src\hotspot\share\prims\jni.cpp, line 516]
Event: 10.549 Thread 0x0000020ed4e8f940 Exception <a 'java/lang/IncompatibleClassChangeError'{0x00000000e2c55c68}: Found class java.lang.Object, but interface was expected> (0x00000000e2c55c68) 
thrown [s\open\src\hotspot\share\interpreter\linkResolver.cpp, line 833]

VM Operations (20 events):
Event: 8.431 Executing VM operation: HandshakeAllThreads
Event: 8.431 Executing VM operation: HandshakeAllThreads done
Event: 8.433 Executing VM operation: G1CollectForAllocation
Event: 8.438 Executing VM operation: G1CollectForAllocation done
Event: 8.715 Executing VM operation: HandshakeAllThreads
Event: 8.715 Executing VM operation: HandshakeAllThreads done
Event: 8.728 Executing VM operation: HandshakeAllThreads
Event: 8.728 Executing VM operation: HandshakeAllThreads done
Event: 9.003 Executing VM operation: ICBufferFull
Event: 9.003 Executing VM operation: ICBufferFull done
Event: 9.067 Executing VM operation: HandshakeAllThreads
Event: 9.068 Executing VM operation: HandshakeAllThreads done
Event: 9.893 Executing VM operation: G1CollectForAllocation
Event: 9.903 Executing VM operation: G1CollectForAllocation done
Event: 10.222 Executing VM operation: HandshakeAllThreads
Event: 10.222 Executing VM operation: HandshakeAllThreads done
Event: 10.313 Executing VM operation: HandshakeAllThreads
Event: 10.313 Executing VM operation: HandshakeAllThreads done
Event: 10.513 Executing VM operation: HandshakeAllThreads
Event: 10.513 Executing VM operation: HandshakeAllThreads done

Events (20 events):
Event: 1.043 Thread 0x0000020ef4bcaa50 Thread added: 0x0000020ef4bcaa50
Event: 1.419 Thread 0x0000020ef4c10900 Thread added: 0x0000020ef4c10900
Event: 1.420 Thread 0x0000020ef4c10dc0 Thread added: 0x0000020ef4c10dc0
Event: 5.597 Thread 0x0000020ef5c48630 Thread added: 0x0000020ef5c48630
Event: 6.210 Thread 0x0000020ef58d86a0 Thread added: 0x0000020ef58d86a0
Event: 6.470 Thread 0x0000020ef57ad470 Thread added: 0x0000020ef57ad470
Event: 6.577 Thread 0x0000020ef57ad470 Thread exited: 0x0000020ef57ad470
Event: 6.614 Thread 0x0000020ef58d9ae0 Thread added: 0x0000020ef58d9ae0
Event: 7.400 Loaded shared library C:\Program Files\Java\jdk-18.0.1.1\bin\sunmscapi.dll
Event: 7.445 Thread 0x0000020ef5c48630 Thread exited: 0x0000020ef5c48630
Event: 7.585 Thread 0x0000020ef58d9ae0 Thread exited: 0x0000020ef58d9ae0
Event: 7.597 Thread 0x0000020ef58d86a0 Thread exited: 0x0000020ef58d86a0
Event: 8.592 Thread 0x0000020ef76f41f0 Thread added: 0x0000020ef76f41f0
Event: 9.436 Thread 0x0000020ef76f41f0 Thread exited: 0x0000020ef76f41f0
Event: 9.570 Thread 0x0000020ef76f6560 Thread added: 0x0000020ef76f6560
Event: 9.732 Thread 0x0000020ef76f6560 Thread exited: 0x0000020ef76f6560
Event: 9.736 Thread 0x0000020ef7fdd040 Thread added: 0x0000020ef7fdd040
Event: 10.058 Thread 0x0000020ef4c40a20 Thread added: 0x0000020ef4c40a20
Event: 10.058 Thread 0x0000020ef7fd96e0 Thread added: 0x0000020ef7fd96e0
Event: 10.538 Thread 0x0000020ef7fdaa20 Thread added: 0x0000020ef7fdaa20


Dynamic libraries:
0x00007ff737520000 - 0x00007ff737530000 	C:\Program Files\Java\jdk-18.0.1.1\bin\java.exe
0x00007ffaf4370000 - 0x00007ffaf4586000 	C:\WINDOWS\SYSTEM32\ntdll.dll
0x00007ffaf2c80000 - 0x00007ffaf2d44000 	C:\WINDOWS\System32\KERNEL32.DLL
0x00007ffaf17e0000 - 0x00007ffaf1b87000 	C:\WINDOWS\System32\KERNELBASE.dll
0x00007ffaf1de0000 - 0x00007ffaf1ef1000 	C:\WINDOWS\System32\ucrtbase.dll
0x00007ffaee9a0000 - 0x00007ffaee9ba000 	C:\Program Files\Java\jdk-18.0.1.1\bin\VCRUNTIME140.dll
0x00007ffada150000 - 0x00007ffada168000 	C:\Program Files\Java\jdk-18.0.1.1\bin\jli.dll
0x00007ffaf20a0000 - 0x00007ffaf2152000 	C:\WINDOWS\System32\ADVAPI32.dll
0x00007ffaf2160000 - 0x00007ffaf2207000 	C:\WINDOWS\System32\msvcrt.dll
0x00007ffaf3ec0000 - 0x00007ffaf3f68000 	C:\WINDOWS\System32\sechost.dll
0x00007ffaf1f00000 - 0x00007ffaf1f28000 	C:\WINDOWS\System32\bcrypt.dll
0x00007ffaf2d80000 - 0x00007ffaf2e95000 	C:\WINDOWS\System32\RPCRT4.dll
0x00007ffaf3d10000 - 0x00007ffaf3ebe000 	C:\WINDOWS\System32\USER32.dll
0x00007ffaf17b0000 - 0x00007ffaf17d6000 	C:\WINDOWS\System32\win32u.dll
0x00007ffad1f00000 - 0x00007ffad2193000 	C:\WINDOWS\WinSxS\amd64_microsoft.windows.common-controls_6595b64144ccf1df_6.0.22621.3235_none_270f74e173860f98\COMCTL32.dll
0x00007ffaf2d50000 - 0x00007ffaf2d79000 	C:\WINDOWS\System32\GDI32.dll
0x00007ffaf1690000 - 0x00007ffaf17a9000 	C:\WINDOWS\System32\gdi32full.dll
0x00007ffaf1cc0000 - 0x00007ffaf1d5a000 	C:\WINDOWS\System32\msvcp_win.dll
0x00007ffaf12f0000 - 0x00007ffaf12fa000 	C:\WINDOWS\SYSTEM32\VERSION.dll
0x00007ffaf2440000 - 0x00007ffaf2471000 	C:\WINDOWS\System32\IMM32.DLL
0x0000000057da0000 - 0x0000000057dac000 	C:\Program Files (x86)\360\Total Security\safemon\SafeWrapper.dll
0x00007ffacbd00000 - 0x00007ffacbd92000 	C:\Program Files (x86)\360\Total Security\safemon\libzdtp64.dll
0x00007ffaf34b0000 - 0x00007ffaf3d0c000 	C:\WINDOWS\System32\SHELL32.dll
0x00007ffaf2b20000 - 0x00007ffaf2b7e000 	C:\WINDOWS\System32\SHLWAPI.dll
0x00007ffadbd10000 - 0x00007ffadbd1c000 	C:\Program Files\Java\jdk-18.0.1.1\bin\vcruntime140_1.dll
0x00007ffac26d0000 - 0x00007ffac275d000 	C:\Program Files\Java\jdk-18.0.1.1\bin\msvcp140.dll
0x00007ffa6a7e0000 - 0x00007ffa6b3f0000 	C:\Program Files\Java\jdk-18.0.1.1\bin\server\jvm.dll
0x00007ffaf41e0000 - 0x00007ffaf41e8000 	C:\WINDOWS\System32\PSAPI.DLL
0x00007ffae9db0000 - 0x00007ffae9de4000 	C:\WINDOWS\SYSTEM32\WINMM.dll
0x00007ffaee950000 - 0x00007ffaee959000 	C:\WINDOWS\SYSTEM32\WSOCK32.dll
0x00007ffaf2480000 - 0x00007ffaf24f1000 	C:\WINDOWS\System32\WS2_32.dll
0x00007ffaf0660000 - 0x00007ffaf0678000 	C:\WINDOWS\SYSTEM32\kernel.appcore.dll
0x00007ffada140000 - 0x00007ffada14a000 	C:\Program Files\Java\jdk-18.0.1.1\bin\jimage.dll
0x00007ffae5b90000 - 0x00007ffae5dc3000 	C:\WINDOWS\SYSTEM32\DBGHELP.DLL
0x00007ffaf2550000 - 0x00007ffaf28d8000 	C:\WINDOWS\System32\combase.dll
0x00007ffaf28e0000 - 0x00007ffaf29b7000 	C:\WINDOWS\System32\OLEAUT32.dll
0x00007ffad8e90000 - 0x00007ffad8ec2000 	C:\WINDOWS\SYSTEM32\dbgcore.DLL
0x00007ffaf1d60000 - 0x00007ffaf1dd9000 	C:\WINDOWS\System32\bcryptPrimitives.dll
0x00007ffacbda0000 - 0x00007ffacbdc5000 	C:\Program Files\Java\jdk-18.0.1.1\bin\java.dll
0x00007ffa9ee70000 - 0x00007ffa9ef46000 	C:\Program Files\Java\jdk-18.0.1.1\bin\jsvml.dll
0x00007ffaef540000 - 0x00007ffaefe39000 	C:\WINDOWS\SYSTEM32\windows.storage.dll
0x00007ffaef400000 - 0x00007ffaef53e000 	C:\WINDOWS\SYSTEM32\wintypes.dll
0x00007ffaf2b80000 - 0x00007ffaf2c73000 	C:\WINDOWS\System32\SHCORE.dll
0x00007ffaf15c0000 - 0x00007ffaf15e1000 	C:\WINDOWS\SYSTEM32\profapi.dll
0x00007ffaced20000 - 0x00007ffaced33000 	C:\Program Files\Java\jdk-18.0.1.1\bin\net.dll
0x00007ffaea700000 - 0x00007ffaea836000 	C:\WINDOWS\SYSTEM32\WINHTTP.dll
0x00007ffaf0ad0000 - 0x00007ffaf0b39000 	C:\WINDOWS\system32\mswsock.dll
0x00007ffac26b0000 - 0x00007ffac26c6000 	C:\Program Files\Java\jdk-18.0.1.1\bin\nio.dll
0x00007ffab5200000 - 0x00007ffab5218000 	C:\Program Files\Java\jdk-18.0.1.1\bin\zip.dll
0x00007ffac70e0000 - 0x00007ffac70f0000 	C:\Program Files\Java\jdk-18.0.1.1\bin\verify.dll
0x00007ffaf00b0000 - 0x00007ffaf00dd000 	C:\WINDOWS\SYSTEM32\IPHLPAPI.DLL
0x00007ffaf3410000 - 0x00007ffaf3419000 	C:\WINDOWS\System32\NSI.dll
0x00007ffaea8d0000 - 0x00007ffaea8e9000 	C:\WINDOWS\SYSTEM32\dhcpcsvc6.DLL
0x00007ffaea8b0000 - 0x00007ffaea8cf000 	C:\WINDOWS\SYSTEM32\dhcpcsvc.DLL
0x00007ffaf00e0000 - 0x00007ffaf01d9000 	C:\WINDOWS\SYSTEM32\DNSAPI.dll
0x00007ffaf0d30000 - 0x00007ffaf0d4b000 	C:\WINDOWS\SYSTEM32\CRYPTSP.dll
0x00007ffaf05c0000 - 0x00007ffaf05f5000 	C:\WINDOWS\system32\rsaenh.dll
0x00007ffaf0bd0000 - 0x00007ffaf0bf8000 	C:\WINDOWS\SYSTEM32\USERENV.dll
0x00007ffaf0d50000 - 0x00007ffaf0d5c000 	C:\WINDOWS\SYSTEM32\CRYPTBASE.dll
0x00007ffacac70000 - 0x00007ffacac7e000 	C:\Program Files\Java\jdk-18.0.1.1\bin\sunmscapi.dll
0x00007ffaf1f30000 - 0x00007ffaf2097000 	C:\WINDOWS\System32\CRYPT32.dll
0x00007ffaf0f70000 - 0x00007ffaf0f9e000 	C:\WINDOWS\SYSTEM32\ncrypt.dll
0x00007ffaf0f20000 - 0x00007ffaf0f57000 	C:\WINDOWS\SYSTEM32\NTASN1.dll
0x00007ffae6a00000 - 0x00007ffae6a0a000 	C:\Windows\System32\rasadhlp.dll
0x00007ffae6a10000 - 0x00007ffae6a93000 	C:\WINDOWS\System32\fwpuclnt.dll

dbghelp: loaded successfully - version: 4.0.5 - missing functions: none
symbol engine: initialized successfully - sym options: 0x614 - pdb path: .;C:\Program Files\Java\jdk-18.0.1.1\bin;C:\WINDOWS\SYSTEM32;C:\WINDOWS\WinSxS\amd64_microsoft.windows.common-controls_6595b64144ccf1df_6.0.22621.3235_none_270f74e173860f98;C:\Program Files (x86)\360\Total Security\safemon;C:\Program Files\Java\jdk-18.0.1.1\bin\server

VM Arguments:
jvm_args: -Dorg.gradle.internal.worker.tmpdir=C:\Users\marce\OneDrive\Documents\MARCELA\Ing. Sistemas\8vo semestre\Proyecto Final\uniLocal\build\tmp\test\work -Dorg.gradle.native=false -Xmx512m -Dfile.encoding=windows-1252 -Duser.country=CO -Duser.language=es -Duser.variant -ea 
java_command: worker.org.gradle.process.internal.worker.GradleWorkerMain 'Gradle Test Executor 1'
java_class_path (initial): C:\Users\marce\.gradle\caches\8.5\workerMain\gradle-worker.jar;C:\Users\marce\OneDrive\Documents\MARCELA\Ing. Sistemas\8vo semestre\Proyecto Final\uniLocal\build\classes\java\test;C:\Users\marce\OneDrive\Documents\MARCELA\Ing. Sistemas\8vo semestre\Proyecto Final\uniLocal\build\resources\test;C:\Users\marce\OneDrive\Documents\MARCELA\Ing. Sistemas\8vo semestre\Proyecto Final\uniLocal\build\classes\java\main;C:\Users\marce\OneDrive\Documents\MARCELA\Ing. Sistemas\8vo semestre\Proyecto Final\uniLocal\build\resources\main;C:\Users\marce\.gradle\caches\modules-2\files-2.1\org.springframework.boot\spring-boot-starter-validation\3.2.2\faedd363ffbafde6a23bc7183ce79de11a96e780\spring-boot-starter-validation-3.2.2.jar;C:\Users\marce\.gradle\caches\modules-2\files-2.1\org.springframework.boot\spring-boot-starter-data-mongodb\3.2.2\690131c078e7ab5258f11a2816c0f1b433e88a90\spring-boot-starter-data-mongodb-3.2.2.jar;C:\Users\marce\.gradle\caches\modules-2\files-2.1\org.springframework.boot\spring-boot-starter-web\3.2.2\b89d213d9f49c3e6247b2503ac7d94b0ac8260f6\spring-boot-starter-web-3.2.2.jar;C:\Users\marce\.gradle\caches\modules-2\files-2.1\org.apache.pdfbox\pdfbox\2.0.24\cb562ee5f43e29415af4477e62fbe668ef88d18b\pdfbox-2.0.24.jar;C:\Users\marce\.gradle\caches\modules-2\files-2.1\org.springframework.boot\spring-boot-starter-mail\3.2.2\22caa13d58241fa44466edc2a2587992a203791e\spring-boot-starter-mail-3.2.2.jar;C:\Users\marce\.gradle\caches\modules-2\files-2.1\org.springframework.boot\spring-boot-starter-test\3.2.2\8785ad456a809e3eec319d7bbb36c3e971abd00f\spring-boot-starter-test-3.2.2.jar;C:\Users\marce\.gradle\caches\modules-2\files-2.1\org.springframework.boot\spring-boot-starter-json\3.2.2\328f5ce9e10d5f90520e72a3ff8a2586b9e46b37\spring-boot-starter-json-3.2.2.jar;C:\Users\marce\.gradle\caches\modules-2\files-2.1\org.springframework.boot\spring-boot-starter\3.2.2\dc04714f9295297f92fa8099eb51edc54dbe67db\spring-boot-starter-3.2.2.jar;C:\Users\marce\.gradle\caches\modules-2\files-2.1\org.springframework.boot\spring-boot-starter-tomcat\3.2.2\e22a0ba37910731b382f3fe47ad36aed20fad24d\spring-boot-starter-tomcat-3.2.2.jar;C:\Users\marce\.gradle\caches\modules-2\files-2.1\org.apache.tomcat.embed\tomcat-embed-el\10.1.18\b2c4dc05abd363c63b245523bb071727aa2f1046\tomcat-embed-el-10.1.18.jar;C:\Users\marce\.gradle\caches\modules-2\files-2.1\org.hibernate.validator\hibernate-validator\8.0.1.Final\e49e116b3d3928060599b176b3538bb848718e95\hibernate-validator-8.0.1.Final.jar;C:\Users\marce\.gradle\caches\modules-2\files-2.1\org.mongodb\mongodb-driver-sync\4.11.1\745dd8183b5f89e6211db8c1acdf30cc44447759\mongodb-driver-sync-4.11.1.jar;C:\Users\marce\.gradle\caches\modules-2\files-2.1\org.springframework.data\spring-data-mongodb\4.2.2\ad90a29263412f8372156ac84cbed066da6a10fe\spring-data-mongodb-4.2.2.jar;C:\Users\marce\.gradle\caches\modules-2\files-2.1\org.springframework\spring-webmvc\6.1.3\f4738a57787add6567e0679eebb1b499a11019cc\spring-webmvc-6.1.3.jar;C:\Users\marce\.gradle\caches\modules-2\files-2.1\org.springframework\spring-web\6.1.3\cc3459b4abd436331608ddb6424886875f7086ab\spring-web-6.1.3.jar;C:\Users\marce\.gradle\caches\modules-2\files-2.1\org.apache.pdfbox\fontbox\2.0.24\df8ecb3006dfcd52355a5902096e5ec34f06112e\fontbox-2.0.24.jar;C:\Users\marce\.gradle\caches\modules-2\files-2.1\commons-logging\commons-logging\1.2\4bfc12adfe4842bf07b657f0369c4cb522955686\commons-logging-1.2.jar;C:\Users\marce\.gradle\caches\modules-2\files-2.1\org.springframework\spring-context-support\6.1.3\55ff73910c4851c37f6919a071453ddc40f7dc38\spring-context-support-6.1.3.jar;C:\Users\marce\.gradle\caches\modules-2\files-2.1\org.eclipse.angus\jakarta.mail\2.0.2\c73e4d70a62a1184eb01e989d6544082ee5e0362\jakarta.mail-2.0.2.jar;C:\Users\marce\.gradle\caches\modules-2\files-2.1\org.springframework.boot\spring-boot-test-autoconfigure\3.2.2\3413e663b2e3e005db07a60883ac6cd01b0dc0c\spring-boot-test-autoconfigure-3.2.2.jar;C:\Users\marce\.gradle\caches\modules-2\files-2.1\org.springframework.boot\spring-boot-test\3.2.2\9e76de9c9f520865c5d62588323f018a9d4e9077\spring-boot-test-3.2.2.jar;C:\Users\marce\.gradle\caches\modules-2\files-2.1\com.jayway.jsonpath\json-path\2.8.0\b4ab3b7a9e425655a0ca65487bbbd6d7ddb75160\json-path-2.8.0.jar;C:\Users\marce\.gradle\caches\modules-2\files-2.1\jakarta.xml.bind\jakarta.xml.bind-api\4.0.1\ca2330866cbc624c7e5ce982e121db1125d23e15\jakarta.xml.bind-api-4.0.1.jar;C:\Users\marce\.gradle\caches\modules-2\files-2.1\net.minidev\json-smart\2.5.0\57a64f421b472849c40e77d2e7cce3a141b41e99\json-smart-2.5.0.jar;C:\Users\marce\.gradle\caches\modules-2\files-2.1\org.assertj\assertj-core\3.24.2\ebbf338e33f893139459ce5df023115971c2786f\assertj-core-3.24.2.jar;C:\Users\marce\.gradle\caches\modules-2\files-2.1\org.awaitility\awaitility\4.2.0\2c39784846001a9cffd6c6b89c78de62c0d80fb8\awaitility-4.2.0.jar;C:\Users\marce\.gradle\caches\modules-2\files-2.1\org.hamcrest\hamcrest\2.2\1820c0968dba3a11a1b30669bb1f01978a91dedc\hamcrest-2.2.jar;C:\Users\marce\.gradle\caches\modules-2\files-2.1\org.mockito\mockito-junit-jupiter\5.7.0\ac2d6a3431747a7986b8f4abef465f72bf3a21ae\mockito-junit-jupiter-5.7.0.jar;C:\Users\marce\.gradle\caches\modules-2\files-2.1\org.junit.jupiter\junit-jupiter-params\5.10.1\c8f15d4e99940c4564098af78c10809c00fdca06\junit-jupiter-params-5.10.1.jar;C:\Users\marce\.gradle\caches\modules-2\files-2.1\org.junit.jupiter\junit-jupiter-engine\5.10.1\6c9ff773f9aa842b91d1f2fe4658973252ce2428\junit-jupiter-engine-5.10.1.jar;C:\Users\marce\.gradle\caches\modules-2\files-2.1\org.junit.jupiter\junit-jupiter-api\5.10.1\eb90c7d8bfaae8fdc97b225733fcb595ddd72843\junit-jupiter-api-5.10.1.jar;C:\Users\marce\.gradle\caches\modules-2\files-2.1\org.junit.platform\junit-platform-engine\1.10.1\f32ae4af74fde68414b8a3d2b7cf1fb43824a83a\junit-platform-engine-1.10.1.jar;C:\Users\marce\.gradle\caches\modules-2\files-2.1\org.junit.platform\junit-platform-commons\1.10.1\2bfcd4a4e38b10c671b6916d7e543c20afe25579\junit-platform-commons-1.10.1.jar;C:\Users\marce\.gradle\caches\modules-2\files-2.1\org.junit.jupiter\junit-jupiter\5.10.1\6e5c7dd668d6349cb99e52ab8321e73479a309bc\junit-jupiter-5.10.1.jar;C:\Users\marce\.gradle\caches\modules-2\files-2.1\org.mockito\mockito-core\5.7.0\a1c258331ab91d66863c983aff7136357e9de056\mockito-core-5.7.0.jar;C:\Users\marce\.gradle\caches\modules-2\files-2.1\org.skyscreamer\jsonassert\1.5.1\6d842d0faf4cf6725c509a5e5347d319ee0431c3\jsonassert-1.5.1.jar;C:\Users\marce\.gradle\caches\modules-2\files-2.1\org.springframework\spring-test\6.1.3\193a0c6c53a4eed98a1d7567e952647a92cf53aa\spring-test-6.1.3.jar;C:\Users\marce\.gradle\caches\modules-2\files-2.1\org.springframework.boot\spring-boot-autoconfigure\3.2.2\5c407409f8d260a4bc6e173d16fc3b36e6adec21\spring-boot-autoconfigure-3.2.2.jar;C:\Users\marce\.gradle\caches\modules-2\files-2.1\org.springframework.boot\spring-boot\3.2.2\9f274d1bd822c4c57bb5b37ecae2380b980f567\spring-boot-3.2.2.jar;C:\Users\marce\.gradle\caches\modules-2\files-2.1\org.springframework\spring-tx\6.1.3\7750337bf46a2ff248685915c7cc88d3bef2f666\spring-tx-6.1.3.jar;C:\Users\marce\.gradle\caches\modules-2\files-2.1\org.springframework\spring-context\6.1.3\c63f038933701058fd7578460c66dbe2d424915\spring-context-6.1.3.jar;C:\Users\marce\.gradle\caches\modules-2\files-2.1\org.springframework.data\spring-data-commons\3.2.2\9b0b0f5f5bc793463a81171d6889809abc14b19b\spring-data-commons-3.2.2.jar;C:\Users\marce\.gradle\caches\modules-2\files-2.1\org.springframework\spring-aop\6.1.3\4d9bd4bd9b8bedf9ef151b45c79766b336117b9a\spring-aop-6.1.3.jar;C:\Users\marce\.gradle\caches\modules-2\files-2.1\org.springframework\spring-beans\6.1.3\c2df4210e796d3a27efc1f22621aa4e2c6cd985f\spring-beans-6.1.3.jar;C:\Users\marce\.gradle\caches\modules-2\files-2.1\org.springframework\spring-expression\6.1.3\7c35fc3d7525a024fdde8a5d7597a6a8a4e59d7\spring-expression-6.1.3.jar;C:\Users\marce\.gradle\caches\modules-2\files-2.1\org.springframework\spring-core\6.1.3\a002e96e780954cc3ac4cd70fd3bb16accdc47ed\spring-core-6.1.3.jar;C:\Users\marce\.gradle\caches\modules-2\files-2.1\org.xmlunit\xmlunit-core\2.9.1\e5833662d9a1279a37da3ef6f62a1da29fcd68c4\xmlunit-core-2.9.1.jar;C:\Users\marce\.gradle\caches\modules-2\files-2.1\org.springframework.boot\spring-boot-starter-logging\3.2.2\3347c3b1cec6cf2d5fa186d1e49d2f378a6b7cae\spring-boot-starter-logging-3.2.2.jar;C:\Users\marce\.gradle\caches\modules-2\files-2.1\jakarta.annotation\jakarta.annotation-api\2.1.1\48b9bda22b091b1f48b13af03fe36db3be6e1ae3\jakarta.annotation-api-2.1.1.jar;C:\Users\marce\.gradle\caches\modules-2\files-2.1\org.yaml\snakeyaml\2.2\3af797a25458550a16bf89acc8e4ab2b7f2bfce0\snakeyaml-2.2.jar;C:\Users\marce\.gradle\caches\modules-2\files-2.1\jakarta.validation\jakarta.validation-api\3.0.2\92b6631659ba35ca09e44874d3eb936edfeee532\jakarta.validation-api-3.0.2.jar;C:\Users\marce\.gradle\caches\modules-2\files-2.1\org.jboss.logging\jboss-logging\3.5.3.Final\c88fc1d8a96d4c3491f55d4317458ccad53ca663\jboss-logging-3.5.3.Final.jar;C:\Users\marce\.gradle\caches\modules-2\files-2.1\com.fasterxml\classmate\1.6.0\91affab6f84a2182fce5dd72a8d01bc14346dddd\classmate-1.6.0.jar;C:\Users\marce\.gradle\caches\modules-2\files-2.1\org.mongodb\mongodb-driver-core\4.11.1\ff92549ef5bdfbc451edeb23dd42ee395223d6e4\mongodb-driver-core-4.11.1.jar;C:\Users\marce\.gradle\caches\modules-2\files-2.1\org.mongodb\bson-record-codec\4.11.1\d7c145266733ead62fa55883b83840931f6eefe5\bson-record-codec-4.11.1.jar;C:\Users\marce\.gradle\caches\modules-2\files-2.1\org.mongodb\bson\4.11.1\b88ffb4f994f5fef89084f037bb17f8285aaa925\bson-4.11.1.jar;C:\Users\marce\.gradle\caches\modules-2\files-2.1\ch.qos.logback\logback-classic\1.4.14\d98bc162275134cdf1518774da4a2a17ef6fb94d\logback-classic-1.4.14.jar;C:\Users\marce\.gradle\caches\modules-2\files-2.1\org.apache.logging.log4j\log4j-to-slf4j\2.21.1\d77b2ba81711ed596cd797cc2b5b5bd7409d841c\log4j-to-slf4j-2.21.1.jar;C:\Users\marce\.gradle\caches\modules-2\files-2.1\org.slf4j\jul-to-slf4j\2.0.11\279356f8e873b1a26badd8bbb3284b5c3b22c770\jul-to-slf4j-2.0.11.jar;C:\Users\marce\.gradle\caches\modules-2\files-2.1\org.slf4j\slf4j-api\2.0.11\ad96c3f8cf895e696dd35c2bc8e8ebe710be9e6d\slf4j-api-2.0.11.jar;C:\Users\marce\.gradle\caches\modules-2\files-2.1\com.fasterxml.jackson.datatype\jackson-datatype-jsr310\2.15.3\4a20a0e104931bfa72f24ef358c2eb63f1ef2aaf\jackson-datatype-jsr310-2.15.3.jar;C:\Users\marce\.gradle\caches\modules-2\files-2.1\com.fasterxml.jackson.module\jackson-module-parameter-names\2.15.3\8d251b90c5358677e7d8161e0c2488e6f84f49da\jackson-module-parameter-names-2.15.3.jar;C:\Users\marce\.gradle\caches\modules-2\files-2.1\com.fasterxml.jackson.core\jackson-annotations\2.15.3\79baf4e605eb3bbb60b1c475d44a7aecceea1d60\jackson-annotations-2.15.3.jar;C:\Users\marce\.gradle\caches\modules-2\files-2.1\com.fasterxml.jackson.core\jackson-core\2.15.3\60d600567c1862840397bf9ff5a92398edc5797b\jackson-core-2.15.3.jar;C:\Users\marce\.gradle\caches\modules-2\files-2.1\com.fasterxml.jackson.datatype\jackson-datatype-jdk8\2.15.3\80158cb020c7bd4e4ba94d8d752a65729dc943b2\jackson-datatype-jdk8-2.15.3.jar;C:\Users\marce\.gradle\caches\modules-2\files-2.1\com.fasterxml.jackson.core\jackson-databind\2.15.3\a734bc2c47a9453c4efa772461a3aeb273c010d9\jackson-databind-2.15.3.jar;C:\Users\marce\.gradle\caches\modules-2\files-2.1\org.apache.tomcat.embed\tomcat-embed-websocket\10.1.18\83a3bc6898f2ceed2357ba231a5e83dc2016d454\tomcat-embed-websocket-10.1.18.jar;C:\Users\marce\.gradle\caches\modules-2\files-2.1\org.apache.tomcat.embed\tomcat-embed-core\10.1.18\bff6c34649d1dd7b509e819794d73ba795947dcf\tomcat-embed-core-10.1.18.jar;C:\Users\marce\.gradle\caches\modules-2\files-2.1\io.micrometer\micrometer-observation\1.12.2\e082b05a2527fc24ea6fbe4c4b7ae34653aace81\micrometer-observation-1.12.2.jar;C:\Users\marce\.gradle\caches\modules-2\files-2.1\org.eclipse.angus\angus-activation\2.0.1\eaafaf4eb71b400e4136fc3a286f50e34a68ecb7\angus-activation-2.0.1.jar;C:\Users\marce\.gradle\caches\modules-2\files-2.1\jakarta.activation\jakarta.activation-api\2.1.2\640c0d5aff45dbff1e1a1bc09673ff3a02b1ba12\jakarta.activation-api-2.1.2.jar;C:\Users\marce\.gradle\caches\modules-2\files-2.1\net.minidev\accessors-smart\2.5.0\aca011492dfe9c26f4e0659028a4fe0970829dd8\accessors-smart-2.5.0.jar;C:\Users\marce\.gradle\caches\modules-2\files-2.1\net.bytebuddy\byte-buddy\1.14.11\725602eb7c8c56b51b9c21f273f9df5c909d9e7d\byte-buddy-1.14.11.jar;C:\Users\marce\.gradle\caches\modules-2\files-2.1\net.bytebuddy\byte-buddy-agent\1.14.11\f9cb566608fbac6bc7bf54901a7aa11543a989ee\byte-buddy-agent-1.14.11.jar;C:\Users\marce\.gradle\caches\modules-2\files-2.1\org.objenesis\objenesis\3.3\1049c09f1de4331e8193e579448d0916d75b7631\objenesis-3.3.jar;C:\Users\marce\.gradle\caches\modules-2\files-2.1\com.vaadin.external.google\android-json\0.0.20131108.vaadin1\fa26d351fe62a6a17f5cda1287c1c6110dec413f\android-json-0.0.20131108.vaadin1.jar;C:\Users\marce\.gradle\caches\modules-2\files-2.1\org.springframework\spring-jcl\6.1.3\a715e091ee86243ee94534a03f3c26b4e48de31e\spring-jcl-6.1.3.jar;C:\Users\marce\.gradle\caches\modules-2\files-2.1\io.micrometer\micrometer-commons\1.12.2\b44127d8ec7b3ef11a01912d1e6474e1167f3929\micrometer-commons-1.12.2.jar;C:\Users\marce\.gradle\caches\modules-2\files-2.1\org.ow2.asm\asm\9.3\8e6300ef51c1d801a7ed62d07cd221aca3a90640\asm-9.3.jar;C:\Users\marce\.gradle\caches\modules-2\files-2.1\org.opentest4j\opentest4j\1.3.0\152ea56b3a72f655d4fd677fc0ef2596c3dd5e6e\opentest4j-1.3.0.jar;C:\Users\marce\.gradle\caches\modules-2\files-2.1\ch.qos.logback\logback-core\1.4.14\4d3c2248219ac0effeb380ed4c5280a80bf395e8\logback-core-1.4.14.jar;C:\Users\marce\.gradle\caches\modules-2\files-2.1\org.apache.logging.log4j\log4j-api\2.21.1\74c65e87b9ce1694a01524e192d7be989ba70486\log4j-api-2.21.1.jar;C:\Users\marce\.gradle\wrapper\dists\gradle-8.5-bin\5t9huq95ubn472n8rpzujfbqh\gradle-8.5\lib\plugins\junit-platform-engine-1.8.2.jar;C:\Users\marce\.gradle\wrapper\dists\gradle-8.5-bin\5t9huq95ubn472n8rpzujfbqh\gradle-8.5\lib\plugins\junit-platform-launcher-1.8.2.jar;C:\Users\marce\.gradle\wrapper\dists\gradle-8.5-bin\5t9huq95ubn472n8rpzujfbqh\gradle-8.5\lib\plugins\junit-platform-commons-1.8.2.jar
Launcher Type: SUN_STANDARD

[Global flags]
     intx CICompilerCount                          = 4                                         {product} {ergonomic}
     uint ConcGCThreads                            = 2                                         {product} {ergonomic}
     uint G1ConcRefinementThreads                  = 8                                         {product} {ergonomic}
   size_t G1HeapRegionSize                         = 1048576                                   {product} {ergonomic}
    uintx GCDrainStackTargetSize                   = 64                                        {product} {ergonomic}
   size_t InitialHeapSize                          = 56623104                                  {product} {ergonomic}
   size_t MarkStackSize                            = 4194304                                   {product} {ergonomic}
   size_t MaxHeapSize                              = 536870912                                 {product} {command line}
   size_t MaxNewSize                               = 321912832                                 {product} {ergonomic}
   size_t MinHeapDeltaBytes                        = 1048576                                   {product} {ergonomic}
   size_t MinHeapSize                              = 8388608                                   {product} {ergonomic}
    uintx NonNMethodCodeHeapSize                   = 5839372                                {pd product} {ergonomic}
    uintx NonProfiledCodeHeapSize                  = 122909434                              {pd product} {ergonomic}
    uintx ProfiledCodeHeapSize                     = 122909434                              {pd product} {ergonomic}
    uintx ReservedCodeCacheSize                    = 251658240                              {pd product} {ergonomic}
     bool SegmentedCodeCache                       = true                                      {product} {ergonomic}
   size_t SoftMaxHeapSize                          = 536870912                              {manageable} {ergonomic}
     bool UseCompressedClassPointers               = true                           {product lp64_product} {ergonomic}
     bool UseCompressedOops                        = true                           {product lp64_product} {ergonomic}
     bool UseG1GC                                  = true                                      {product} {ergonomic}
     bool UseLargePagesIndividualAllocation        = false                                  {pd product} {ergonomic}

Logging:
Log output configuration:
 #0: stdout all=warning uptime,level,tags foldmultilines=false
 #1: stderr all=off uptime,level,tags foldmultilines=false

Environment Variables:
PATH=C:\Program Files\Eclipse Adoptium\jdk-17.0.10.7-hotspot\bin;C:\Program Files\Eclipse Adoptium\jdk-21.0.2.13-hotspot\bin;C:\Program Files\Common Files\Oracle\Java\javapath;C:\ProgramData\Oracle\Java\javapath;C:\WINDOWS\system32;C:\WINDOWS;C:\WINDOWS\System32\Wbem;C:\WINDOWS\System32\WindowsPowerShell\v1.0\;C:\WINDOWS\System32\OpenSSH\;C:\Program Files (x86)\Microsoft SQL Server\150\Tools\Binn\;C:\Program Files\Microsoft SQL Server\150\Tools\Binn\;C:\Program Files (x86)\Microsoft SQL Server\150\DTS\Binn\;C:\Program Files\Microsoft SQL Server\150\DTS\Binn\;C:\Program Files\Microsoft SQL Server\Client SDK\ODBC\170\Tools\Binn\;C:\Program Files\Git\cmd;C:\Program Files\nodejs\;C:\Program Files\dotnet\;C:\Program Files\Docker\Docker\resources\bin;C:\Users\marce\AppData\Local\Programs\Python\Python311\Scripts\;C:\Users\marce\AppData\Local\Programs\Python\Python311\;C:\Users\marce\AppData\Local\Microsoft\WindowsApps;C:\Users\marce\.dotnet\tools;C:\Program Files\JetBrains\CLion 2022.1\bin;C:\Program Files\JetBrains\JetBrains Rider 2022.1.1\bin;C:\Users\marce\AppData\Local\JetBrains\Toolbox\scripts;C:\Program Files\Azure Data Studio\bin;C:\Users\marce\AppData\Local\Programs\Microsoft VS Code\bin;C:\Users\marce\AppData\Roaming\npm;C:\Users\marce\AppData\Local\Microsoft\WindowsApps;C:\Users\marce\.dotnet\tools
USERNAME=marce
OS=Windows_NT
PROCESSOR_IDENTIFIER=AMD64 Family 23 Model 104 Stepping 1, AuthenticAMD



---------------  S Y S T E M  ---------------

OS:
 Windows 11 , 64 bit Build 22621 (10.0.22621.3374)
OS uptime: 1 days 4:12 hours
Hyper-V role detected

CPU: total 8 (initial active 8) (8 cores per cpu, 2 threads per core) family 23 model 104 stepping 1 microcode 0x0, cx8, cmov, fxsr, ht, mmx, 3dnowpref, sse, sse2, sse3, ssse3, sse4a, sse4.1, sse4.2, popcnt, lzcnt, tsc, tscinvbit, avx, avx2, aes, clmul, bmi1, bmi2, adx, sha, fma, vzeroupper, clflush, clflushopt, hv

Memory: 4k page, system-wide physical 3406M (245M free)
TotalPageFile size 13646M (AvailPageFile size 8M)
current process WorkingSet (physical memory assigned to process): 162M, peak: 170M
current process commit charge ("private bytes"): 214M, peak: 219M

vm_info: Java HotSpot(TM) 64-Bit Server VM (18.0.1.1+2-6) for windows-amd64 JRE (18.0.1.1+2-6), built on Apr 25 2022 21:53:15 by "mach5one" with MS VC++ 16.8 / 16.9 (VS2019)

END.
