#
# There is insufficient memory for the Java Runtime Environment to continue.
# Native memory allocation (malloc) failed to allocate 2051376 bytes for Chunk::new
# Possible reasons:
#   The system is out of physical RAM or swap space
#   The process is running with CompressedOops enabled, and the Java Heap may be blocking the growth of the native heap
# Possible solutions:
#   Reduce memory load on the system
#   Increase physical memory or swap space
#   Check if swap backing store is full
#   Decrease Java heap size (-Xmx/-Xms)
#   Decrease number of Java threads
#   Decrease Java thread stack sizes (-Xss)
#   Set larger code cache with -XX:ReservedCodeCacheSize=
#   JVM is running with Unscaled Compressed Oops mode in which the Java heap is
#     placed in the first 4GB address space. The Java Heap base address is the
#     maximum limit for the native heap growth. Please use -XX:HeapBaseMinAddress
#     to set the Java Heap base and to place the Java Heap above 4GB virtual address.
# This output file may be truncated or incomplete.
#
#  Out of Memory Error (arena.cpp:184), pid=9408, tid=8960
#
# JRE version: Java(TM) SE Runtime Environment (18.0.1.1+2) (build 18.0.1.1+2-6)
# Java VM: Java HotSpot(TM) 64-Bit Server VM (18.0.1.1+2-6, mixed mode, sharing, tiered, compressed oops, compressed class ptrs, g1 gc, windows-amd64)
# No core dump will be written. Minidumps are not enabled by default on client versions of Windows
#

---------------  S U M M A R Y ------------

Command Line: -Dorg.gradle.internal.worker.tmpdir=C:\Users\marce\OneDrive\Documents\MARCELA\Ing. Sistemas\8vo semestre\Proyecto Final\uniLocal\build\tmp\test\work -Dorg.gradle.native=false -Xmx512m -Dfile.encoding=windows-1252 -Duser.country=CO -Duser.language=es -Duser.variant -ea worker.org.gradle.process.internal.worker.GradleWorkerMain 'Gradle Test Executor 1'

Host: AMD Ryzen 3 5300U with Radeon Graphics         , 8 cores, 3G,  Windows 11 , 64 bit Build 22621 (10.0.22621.3374)
Time: Sat Apr 13 15:31:48 2024 Hora est. Pacífico, Sudamérica elapsed time: 6.319477 seconds (0d 0h 0m 6s)

---------------  T H R E A D  ---------------

Current thread (0x000002b2deaa3720):  JavaThread "C2 CompilerThread0" daemon [_thread_in_native, id=8960, stack(0x000000e789600000,0x000000e789700000)]


Current CompileTask:
C2:   6319 4397   !   4       org.springframework.core.annotation.AnnotationsScanner::processMethodHierarchy (276 bytes)

Stack: [0x000000e789600000,0x000000e789700000]
Native frames: (J=compiled Java code, j=interpreted, Vv=VM code, C=native code)
V  [jvm.dll+0x69887a]
V  [jvm.dll+0x7f38bd]
V  [jvm.dll+0x7f51ce]
V  [jvm.dll+0x7f5883]
V  [jvm.dll+0x25ca3f]
V  [jvm.dll+0xb8c2f]
V  [jvm.dll+0xb8fa5]
V  [jvm.dll+0x385a31]
V  [jvm.dll+0x34f811]
V  [jvm.dll+0x34ecaa]
V  [jvm.dll+0x22fc21]
V  [jvm.dll+0x22eff1]
V  [jvm.dll+0x1b9cfc]
V  [jvm.dll+0x23e8ca]
V  [jvm.dll+0x23cbb5]
V  [jvm.dll+0x7a5fb1]
V  [jvm.dll+0x7a03ea]
V  [jvm.dll+0x697725]
C  [ucrtbase.dll+0x29333]
C  [KERNEL32.DLL+0x1257d]
C  [ntdll.dll+0x5aa48]


---------------  P R O C E S S  ---------------

Threads class SMR info:
_java_thread_list=0x000002b2e2e48d90, length=19, elements={
0x000002b2c419fa70, 0x000002b2dea83290, 0x000002b2dea83e00, 0x000002b2dea9b6e0,
0x000002b2dea9bf90, 0x000002b2dea9c840, 0x000002b2dea9f710, 0x000002b2deaa3720,
0x000002b2deaaf930, 0x000002b2deab4230, 0x000002b2e2dbc0f0, 0x000002b2e2dc17f0,
0x000002b2e3564b90, 0x000002b2e35b2d80, 0x000002b2e359bdc0, 0x000002b2e43b5760,
0x000002b2e43b2c10, 0x000002b2e43b1da0, 0x000002b2e43b3a80
}

Java Threads: ( => current thread )
  0x000002b2c419fa70 JavaThread "Test worker" [_thread_in_Java, id=15588, stack(0x000000e788900000,0x000000e788a00000)]
  0x000002b2dea83290 JavaThread "Reference Handler" daemon [_thread_blocked, id=8404, stack(0x000000e789000000,0x000000e789100000)]
  0x000002b2dea83e00 JavaThread "Finalizer" daemon [_thread_blocked, id=9596, stack(0x000000e789100000,0x000000e789200000)]
  0x000002b2dea9b6e0 JavaThread "Signal Dispatcher" daemon [_thread_blocked, id=9300, stack(0x000000e789200000,0x000000e789300000)]
  0x000002b2dea9bf90 JavaThread "Attach Listener" daemon [_thread_blocked, id=9372, stack(0x000000e789300000,0x000000e789400000)]
  0x000002b2dea9c840 JavaThread "Service Thread" daemon [_thread_blocked, id=14208, stack(0x000000e789400000,0x000000e789500000)]
  0x000002b2dea9f710 JavaThread "Monitor Deflation Thread" daemon [_thread_blocked, id=8864, stack(0x000000e789500000,0x000000e789600000)]
=>0x000002b2deaa3720 JavaThread "C2 CompilerThread0" daemon [_thread_in_native, id=8960, stack(0x000000e789600000,0x000000e789700000)]
  0x000002b2deaaf930 JavaThread "C1 CompilerThread0" daemon [_thread_blocked, id=16280, stack(0x000000e789700000,0x000000e789800000)]
  0x000002b2deab4230 JavaThread "Sweeper thread" daemon [_thread_blocked, id=11628, stack(0x000000e789800000,0x000000e789900000)]
  0x000002b2e2dbc0f0 JavaThread "Notification Thread" daemon [_thread_blocked, id=276, stack(0x000000e789900000,0x000000e789a00000)]
  0x000002b2e2dc17f0 JavaThread "Common-Cleaner" daemon [_thread_blocked, id=13128, stack(0x000000e789b00000,0x000000e789c00000)]
  0x000002b2e3564b90 JavaThread "/127.0.0.1:54569 to /127.0.0.1:54568 workers" [_thread_blocked, id=16260, stack(0x000000e789d00000,0x000000e789e00000)]
  0x000002b2e35b2d80 JavaThread "/127.0.0.1:54569 to /127.0.0.1:54568 workers Thread 2" [_thread_blocked, id=12180, stack(0x000000e789e00000,0x000000e789f00000)]
  0x000002b2e359bdc0 JavaThread "/127.0.0.1:54569 to /127.0.0.1:54568 workers Thread 3" [_thread_in_native, id=12796, stack(0x000000e789f00000,0x000000e78a000000)]
  0x000002b2e43b5760 JavaThread "BufferPoolPruner-1-thread-1" daemon [_thread_blocked, id=15616, stack(0x000000e78a000000,0x000000e78a100000)]
  0x000002b2e43b2c10 JavaThread "cluster-ClusterId{value='661aebb38d5f681802e3837f', description='null'}-localhost:27017" daemon [_thread_in_native, id=6456, stack(0x000000e78a900000,0x000000e78aa00000)]
  0x000002b2e43b1da0 JavaThread "cluster-rtt-ClusterId{value='661aebb38d5f681802e3837f', description='null'}-localhost:27017" daemon [_thread_blocked, id=8528, stack(0x000000e78aa00000,0x000000e78ab00000)]
  0x000002b2e43b3a80 JavaThread "MaintenanceTimer-2-thread-1" daemon [_thread_blocked, id=3848, stack(0x000000e78ac00000,0x000000e78ad00000)]

Other Threads:
  0x000002b2c41e5520 VMThread "VM Thread" [stack: 0x000000e788f00000,0x000000e789000000] [id=15160]
  0x000002b2e2dbd9f0 WatcherThread "VM Periodic Task Thread" [stack: 0x000000e789a00000,0x000000e789b00000] [id=12344]
  0x000002b2c41d99c0 WorkerThread "GC Thread#0" [stack: 0x000000e788a00000,0x000000e788b00000] [id=12220]
  0x000002b2e4036ab0 WorkerThread "GC Thread#1" [stack: 0x000000e78a100000,0x000000e78a200000] [id=14380]
  0x000002b2e382f130 WorkerThread "GC Thread#2" [stack: 0x000000e78a200000,0x000000e78a300000] [id=7512]
  0x000002b2e3724a50 WorkerThread "GC Thread#3" [stack: 0x000000e78a300000,0x000000e78a400000] [id=12092]
  0x000002b2e2e57c50 WorkerThread "GC Thread#4" [stack: 0x000000e78a400000,0x000000e78a500000] [id=14576]
  0x000002b2e3d7c9e0 WorkerThread "GC Thread#5" [stack: 0x000000e78a500000,0x000000e78a600000] [id=4144]
  0x000002b2e3e74d20 WorkerThread "GC Thread#6" [stack: 0x000000e78a600000,0x000000e78a700000] [id=12136]
  0x000002b2e3e73ac0 WorkerThread "GC Thread#7" [stack: 0x000000e78a700000,0x000000e78a800000] [id=14940]
  0x000002b2c41de800 ConcurrentGCThread "G1 Main Marker" [stack: 0x000000e788b00000,0x000000e788c00000] [id=14440]
  0x000002b2c41df100 WorkerThread "G1 Conc#0" [stack: 0x000000e788c00000,0x000000e788d00000] [id=1296]
  0x000002b2e3e747e0 WorkerThread "G1 Conc#1" [stack: 0x000000e78ab00000,0x000000e78ac00000] [id=11564]
  0x000002b2c4221f50 ConcurrentGCThread "G1 Refine#0" [stack: 0x000000e788d00000,0x000000e788e00000] [id=2316]
  0x000002b2e3659710 ConcurrentGCThread "G1 Refine#1" [stack: 0x000000e78a800000,0x000000e78a900000] [id=11520]
  0x000002b2c4222770 ConcurrentGCThread "G1 Service" [stack: 0x000000e788e00000,0x000000e788f00000] [id=3080]

Threads with active compile tasks:
C2 CompilerThread0     6376 4397   !   4       org.springframework.core.annotation.AnnotationsScanner::processMethodHierarchy (276 bytes)

VM state: not at safepoint (normal execution)

VM Mutex/Monitor currently owned by a thread: None

Heap address: 0x00000000e0000000, size: 512 MB, Compressed Oops mode: 32-bit

CDS archive(s) mapped at: [0x0000000800000000-0x0000000800ba0000-0x0000000800ba0000), size 12189696, SharedBaseAddress: 0x0000000800000000, ArchiveRelocationMode: 0.
Compressed class space mapped at: 0x0000000800c00000-0x0000000840c00000, reserved size: 1073741824
Narrow klass base: 0x0000000800000000, Narrow klass shift: 0, Narrow klass range: 0x100000000

GC Precious Log:
 CardTable entry size: 512
 Card Set container configuration: InlinePtr #cards 5 size 8 Array Of Cards #cards 12 size 40 Howl #buckets 4 coarsen threshold 1843 Howl Bitmap #cards 512 size 80 coarsen threshold 460 Card regions per heap region 1 cards per card region 2048
 CPUs: 8 total, 8 available
 Memory: 3406M
 Large Page Support: Disabled
 NUMA Support: Disabled
 Compressed Oops: Enabled (32-bit)
 Heap Region Size: 1M
 Heap Min Capacity: 8M
 Heap Initial Capacity: 54M
 Heap Max Capacity: 512M
 Pre-touch: Disabled
 Parallel Workers: 8
 Concurrent Workers: 2
 Concurrent Refinement Workers: 8
 Periodic GC: Disabled

Heap:
 garbage-first heap   total 48128K, used 30832K [0x00000000e0000000, 0x0000000100000000)
  region size 1024K, 13 young (13312K), 2 survivors (2048K)
 Metaspace       used 38415K, committed 38912K, reserved 1114112K
  class space    used 5190K, committed 5440K, reserved 1048576K

Heap Regions: E=young(eden), S=young(survivor), O=old, HS=humongous(starts), HC=humongous(continues), CS=collection set, F=free, OA=open archive, CA=closed archive, TAMS=top-at-mark-start (previous, next)
|   0|0x00000000e0000000, 0x00000000e0100000, 0x00000000e0100000|100%| O|  |TAMS 0x00000000e0100000, 0x00000000e0000000| Untracked 
|   1|0x00000000e0100000, 0x00000000e0200000, 0x00000000e0200000|100%| O|  |TAMS 0x00000000e0200000, 0x00000000e0100000| Untracked 
|   2|0x00000000e0200000, 0x00000000e0300000, 0x00000000e0300000|100%| O|  |TAMS 0x00000000e0300000, 0x00000000e0200000| Untracked 
|   3|0x00000000e0300000, 0x00000000e0400000, 0x00000000e0400000|100%| O|  |TAMS 0x00000000e0400000, 0x00000000e0300000| Untracked 
|   4|0x00000000e0400000, 0x00000000e0500000, 0x00000000e0500000|100%| O|  |TAMS 0x00000000e0500000, 0x00000000e0400000| Untracked 
|   5|0x00000000e0500000, 0x00000000e0600000, 0x00000000e0600000|100%| O|  |TAMS 0x00000000e0600000, 0x00000000e0500000| Untracked 
|   6|0x00000000e0600000, 0x00000000e0700000, 0x00000000e0700000|100%| O|  |TAMS 0x00000000e0700000, 0x00000000e0600000| Untracked 
|   7|0x00000000e0700000, 0x00000000e0800000, 0x00000000e0800000|100%| O|  |TAMS 0x00000000e0800000, 0x00000000e0700000| Untracked 
|   8|0x00000000e0800000, 0x00000000e0900000, 0x00000000e0900000|100%| O|  |TAMS 0x00000000e0900000, 0x00000000e0800000| Untracked 
|   9|0x00000000e0900000, 0x00000000e09f8000, 0x00000000e0a00000| 96%| O|  |TAMS 0x00000000e09f8000, 0x00000000e0900000| Untracked 
|  10|0x00000000e0a00000, 0x00000000e0b00000, 0x00000000e0b00000|100%| O|  |TAMS 0x00000000e0b00000, 0x00000000e0a00000| Untracked 
|  11|0x00000000e0b00000, 0x00000000e0c00000, 0x00000000e0c00000|100%| O|  |TAMS 0x00000000e0c00000, 0x00000000e0b00000| Untracked 
|  12|0x00000000e0c00000, 0x00000000e0d00000, 0x00000000e0d00000|100%| O|  |TAMS 0x00000000e0d00000, 0x00000000e0c00000| Untracked 
|  13|0x00000000e0d00000, 0x00000000e0e00000, 0x00000000e0e00000|100%| O|  |TAMS 0x00000000e0e00000, 0x00000000e0d00000| Untracked 
|  14|0x00000000e0e00000, 0x00000000e0f00000, 0x00000000e0f00000|100%| O|  |TAMS 0x00000000e0f00000, 0x00000000e0e00000| Untracked 
|  15|0x00000000e0f00000, 0x00000000e1000000, 0x00000000e1000000|100%| O|  |TAMS 0x00000000e1000000, 0x00000000e0f00000| Untracked 
|  16|0x00000000e1000000, 0x00000000e1100000, 0x00000000e1100000|100%| O|  |TAMS 0x00000000e1100000, 0x00000000e1000000| Untracked 
|  17|0x00000000e1100000, 0x00000000e1200000, 0x00000000e1200000|100%| O|  |TAMS 0x00000000e112ce00, 0x00000000e1100000| Untracked 
|  18|0x00000000e1200000, 0x00000000e1299c00, 0x00000000e1300000| 60%| O|  |TAMS 0x00000000e1200000, 0x00000000e1200000| Untracked 
|  19|0x00000000e1300000, 0x00000000e1300000, 0x00000000e1400000|  0%| F|  |TAMS 0x00000000e1300000, 0x00000000e1300000| Untracked 
|  20|0x00000000e1400000, 0x00000000e1400000, 0x00000000e1500000|  0%| F|  |TAMS 0x00000000e1400000, 0x00000000e1400000| Untracked 
|  21|0x00000000e1500000, 0x00000000e1500000, 0x00000000e1600000|  0%| F|  |TAMS 0x00000000e1500000, 0x00000000e1500000| Untracked 
|  22|0x00000000e1600000, 0x00000000e1600000, 0x00000000e1700000|  0%| F|  |TAMS 0x00000000e1600000, 0x00000000e1600000| Untracked 
|  23|0x00000000e1700000, 0x00000000e1700000, 0x00000000e1800000|  0%| F|  |TAMS 0x00000000e1700000, 0x00000000e1700000| Untracked 
|  24|0x00000000e1800000, 0x00000000e1800000, 0x00000000e1900000|  0%| F|  |TAMS 0x00000000e1800000, 0x00000000e1800000| Untracked 
|  25|0x00000000e1900000, 0x00000000e1900000, 0x00000000e1a00000|  0%| F|  |TAMS 0x00000000e1900000, 0x00000000e1900000| Untracked 
|  26|0x00000000e1a00000, 0x00000000e1a00000, 0x00000000e1b00000|  0%| F|  |TAMS 0x00000000e1a00000, 0x00000000e1a00000| Untracked 
|  27|0x00000000e1b00000, 0x00000000e1b8a780, 0x00000000e1c00000| 54%| S|CS|TAMS 0x00000000e1b00000, 0x00000000e1b00000| Complete 
|  28|0x00000000e1c00000, 0x00000000e1d00000, 0x00000000e1d00000|100%| S|CS|TAMS 0x00000000e1c00000, 0x00000000e1c00000| Complete 
|  29|0x00000000e1d00000, 0x00000000e1d00000, 0x00000000e1e00000|  0%| F|  |TAMS 0x00000000e1d00000, 0x00000000e1d00000| Untracked 
|  30|0x00000000e1e00000, 0x00000000e1e00000, 0x00000000e1f00000|  0%| F|  |TAMS 0x00000000e1e00000, 0x00000000e1e00000| Untracked 
|  31|0x00000000e1f00000, 0x00000000e1f00000, 0x00000000e2000000|  0%| F|  |TAMS 0x00000000e1f00000, 0x00000000e1f00000| Untracked 
|  32|0x00000000e2000000, 0x00000000e2000000, 0x00000000e2100000|  0%| F|  |TAMS 0x00000000e2000000, 0x00000000e2000000| Untracked 
|  33|0x00000000e2100000, 0x00000000e2100000, 0x00000000e2200000|  0%| F|  |TAMS 0x00000000e2100000, 0x00000000e2100000| Untracked 
|  34|0x00000000e2200000, 0x00000000e2200000, 0x00000000e2300000|  0%| F|  |TAMS 0x00000000e2200000, 0x00000000e2200000| Untracked 
|  35|0x00000000e2300000, 0x00000000e2300000, 0x00000000e2400000|  0%| F|  |TAMS 0x00000000e2300000, 0x00000000e2300000| Untracked 
|  36|0x00000000e2400000, 0x00000000e2493bd8, 0x00000000e2500000| 57%| E|  |TAMS 0x00000000e2400000, 0x00000000e2400000| Complete 
|  37|0x00000000e2500000, 0x00000000e2600000, 0x00000000e2600000|100%| E|CS|TAMS 0x00000000e2500000, 0x00000000e2500000| Complete 
|  38|0x00000000e2600000, 0x00000000e2700000, 0x00000000e2700000|100%| E|CS|TAMS 0x00000000e2600000, 0x00000000e2600000| Complete 
|  39|0x00000000e2700000, 0x00000000e2800000, 0x00000000e2800000|100%| E|CS|TAMS 0x00000000e2700000, 0x00000000e2700000| Complete 
|  40|0x00000000e2800000, 0x00000000e2900000, 0x00000000e2900000|100%| E|CS|TAMS 0x00000000e2800000, 0x00000000e2800000| Complete 
|  41|0x00000000e2900000, 0x00000000e2a00000, 0x00000000e2a00000|100%| E|CS|TAMS 0x00000000e2900000, 0x00000000e2900000| Complete 
|  42|0x00000000e2a00000, 0x00000000e2b00000, 0x00000000e2b00000|100%| E|CS|TAMS 0x00000000e2a00000, 0x00000000e2a00000| Complete 
|  43|0x00000000e2b00000, 0x00000000e2c00000, 0x00000000e2c00000|100%| E|CS|TAMS 0x00000000e2b00000, 0x00000000e2b00000| Complete 
|  44|0x00000000e2c00000, 0x00000000e2d00000, 0x00000000e2d00000|100%| E|CS|TAMS 0x00000000e2c00000, 0x00000000e2c00000| Complete 
|  45|0x00000000e2d00000, 0x00000000e2e00000, 0x00000000e2e00000|100%| E|CS|TAMS 0x00000000e2d00000, 0x00000000e2d00000| Complete 
|  53|0x00000000e3500000, 0x00000000e3600000, 0x00000000e3600000|100%| E|CS|TAMS 0x00000000e3500000, 0x00000000e3500000| Complete 

Card table byte_map: [0x000002b2daed0000,0x000002b2dafd0000] _byte_map_base: 0x000002b2da7d0000

Marking Bits (Prev, Next): (CMBitMap*) 0x000002b2c41d9ed0, (CMBitMap*) 0x000002b2c41d9f10
 Prev Bits: [0x000002b2db0d0000, 0x000002b2db8d0000)
 Next Bits: [0x000002b2db8d0000, 0x000002b2dc0d0000)

Polling page: 0x000002b2c2070000

Metaspace:

Usage:
  Non-class:     32.45 MB used.
      Class:      5.07 MB used.
       Both:     37.52 MB used.

Virtual space:
  Non-class space:       64.00 MB reserved,      32.69 MB ( 51%) committed,  1 nodes.
      Class space:        1.00 GB reserved,       5.31 MB ( <1%) committed,  1 nodes.
             Both:        1.06 GB reserved,      38.00 MB (  3%) committed. 

Chunk freelists:
   Non-Class:  2.57 MB
       Class:  2.73 MB
        Both:  5.29 MB

MaxMetaspaceSize: unlimited
CompressedClassSpaceSize: 1.00 GB
Initial GC threshold: 21.00 MB
Current GC threshold: 59.31 MB
CDS: on
MetaspaceReclaimPolicy: balanced
 - commit_granule_bytes: 65536.
 - commit_granule_words: 8192.
 - virtual_space_node_default_size: 8388608.
 - enlarge_chunks_in_place: 1.
 - new_chunks_are_fully_committed: 0.
 - uncommit_free_chunks: 1.
 - use_allocation_guard: 0.


Internal statistics:

num_allocs_failed_limit: 6.
num_arena_births: 668.
num_arena_deaths: 0.
num_vsnodes_births: 2.
num_vsnodes_deaths: 0.
num_space_committed: 608.
num_space_uncommitted: 0.
num_chunks_returned_to_freelist: 6.
num_chunks_taken_from_freelist: 2044.
num_chunk_merges: 6.
num_chunk_splits: 1414.
num_chunks_enlarged: 1078.
num_inconsistent_stats: 0.

CodeHeap 'non-profiled nmethods': size=120000Kb used=2080Kb max_used=2080Kb free=117919Kb
 bounds [0x000002b2d3570000, 0x000002b2d37e0000, 0x000002b2daaa0000]
CodeHeap 'profiled nmethods': size=120000Kb used=9775Kb max_used=9775Kb free=110224Kb
 bounds [0x000002b2cc040000, 0x000002b2cc9d0000, 0x000002b2d3570000]
CodeHeap 'non-nmethods': size=5760Kb used=1239Kb max_used=1282Kb free=4520Kb
 bounds [0x000002b2cbaa0000, 0x000002b2cbd10000, 0x000002b2cc040000]
 total_blobs=5030 nmethods=4496 adapters=446
 compilation: enabled
              stopped_count=0, restarted_count=0
 full_count=0

Compilation events (20 events):
Event: 6.300 Thread 0x000002b2deaaf930 4478       2       java.lang.reflect.Method::hasGenericInformation (13 bytes)
Event: 6.300 Thread 0x000002b2deaaf930 nmethod 4478 0x000002b2cc9bcb10 code [0x000002b2cc9bcca0, 0x000002b2cc9bcdb8]
Event: 6.300 Thread 0x000002b2deaaf930 4479       2       org.springframework.boot.context.properties.source.SpringConfigurationPropertySource::containsDescendantOf (61 bytes)
Event: 6.301 Thread 0x000002b2deaaf930 nmethod 4479 0x000002b2cc9bce90 code [0x000002b2cc9bd0c0, 0x000002b2cc9bd568]
Event: 6.301 Thread 0x000002b2deaaf930 4481       2       org.springframework.core.MethodParameter::getNestedParameterType (138 bytes)
Event: 6.301 Thread 0x000002b2deaaf930 nmethod 4481 0x000002b2cc9bd810 code [0x000002b2cc9bda80, 0x000002b2cc9be1c8]
Event: 6.301 Thread 0x000002b2deaaf930 4480       2       org.springframework.boot.context.properties.source.SpringIterableConfigurationPropertySource$Mappings::containsDescendantOf (93 bytes)
Event: 6.301 Thread 0x000002b2deaaf930 nmethod 4480 0x000002b2cc9be510 code [0x000002b2cc9be720, 0x000002b2cc9bead8]
Event: 6.303 Thread 0x000002b2deaaf930 4483       2       java.lang.invoke.InvokerBytecodeGenerator::emitReturnInsn (122 bytes)
Event: 6.303 Thread 0x000002b2deaaf930 nmethod 4483 0x000002b2cc9bed10 code [0x000002b2cc9bef00, 0x000002b2cc9bf328]
Event: 6.303 Thread 0x000002b2deaaf930 4484       2       jdk.internal.org.objectweb.asm.AnnotationWriter::computeAnnotationsSize (42 bytes)
Event: 6.304 Thread 0x000002b2deaaf930 nmethod 4484 0x000002b2cc9bf590 code [0x000002b2cc9bf740, 0x000002b2cc9bf908]
Event: 6.307 Thread 0x000002b2deaaf930 4485       2       org.springframework.core.annotation.TypeMappedAnnotations::spliterator (14 bytes)
Event: 6.307 Thread 0x000002b2deaaf930 nmethod 4485 0x000002b2cc9bfa90 code [0x000002b2cc9bfc40, 0x000002b2cc9bff08]
Event: 6.307 Thread 0x000002b2deaaf930 4486       2       org.springframework.beans.factory.config.DependencyDescriptor::getDependencyType (50 bytes)
Event: 6.308 Thread 0x000002b2deaaf930 nmethod 4486 0x000002b2cc9c0010 code [0x000002b2cc9c0200, 0x000002b2cc9c04d8]
Event: 6.308 Thread 0x000002b2deaaf930 4487       1       org.springframework.beans.factory.config.BeanDefinitionHolder::getBeanDefinition (5 bytes)
Event: 6.308 Thread 0x000002b2deaaf930 nmethod 4487 0x000002b2d3776890 code [0x000002b2d3776a20, 0x000002b2d3776af8]
Event: 6.308 Thread 0x000002b2deaaf930 4488   !   2       jdk.proxy3.$Proxy43::annotationType (29 bytes)
Event: 6.308 Thread 0x000002b2deaaf930 nmethod 4488 0x000002b2cc9c0690 code [0x000002b2cc9c0840, 0x000002b2cc9c0ab8]

GC Heap History (20 events):
Event: 2.416 GC heap before
{Heap before GC invocations=2 (full 0):
 garbage-first heap   total 55296K, used 28513K [0x00000000e0000000, 0x0000000100000000)
  region size 1024K, 21 young (21504K), 2 survivors (2048K)
 Metaspace       used 14538K, committed 14784K, reserved 1114112K
  class space    used 1930K, committed 2048K, reserved 1048576K
}
Event: 2.419 GC heap after
{Heap after GC invocations=3 (full 0):
 garbage-first heap   total 55296K, used 10255K [0x00000000e0000000, 0x0000000100000000)
  region size 1024K, 3 young (3072K), 3 survivors (3072K)
 Metaspace       used 14538K, committed 14784K, reserved 1114112K
  class space    used 1930K, committed 2048K, reserved 1048576K
}
Event: 2.911 GC heap before
{Heap before GC invocations=3 (full 0):
 garbage-first heap   total 55296K, used 32783K [0x00000000e0000000, 0x0000000100000000)
  region size 1024K, 25 young (25600K), 3 survivors (3072K)
 Metaspace       used 19063K, committed 19328K, reserved 1114112K
  class space    used 2614K, committed 2752K, reserved 1048576K
}
Event: 2.915 GC heap after
{Heap after GC invocations=4 (full 0):
 garbage-first heap   total 55296K, used 11602K [0x00000000e0000000, 0x0000000100000000)
  region size 1024K, 3 young (3072K), 3 survivors (3072K)
 Metaspace       used 19063K, committed 19328K, reserved 1114112K
  class space    used 2614K, committed 2752K, reserved 1048576K
}
Event: 3.142 GC heap before
{Heap before GC invocations=4 (full 0):
 garbage-first heap   total 55296K, used 22866K [0x00000000e0000000, 0x0000000100000000)
  region size 1024K, 16 young (16384K), 3 survivors (3072K)
 Metaspace       used 21199K, committed 21504K, reserved 1114112K
  class space    used 2845K, committed 3008K, reserved 1048576K
}
Event: 3.147 GC heap after
{Heap after GC invocations=5 (full 0):
 garbage-first heap   total 55296K, used 12939K [0x00000000e0000000, 0x0000000100000000)
  region size 1024K, 3 young (3072K), 3 survivors (3072K)
 Metaspace       used 21199K, committed 21504K, reserved 1114112K
  class space    used 2845K, committed 3008K, reserved 1048576K
}
Event: 3.542 GC heap before
{Heap before GC invocations=6 (full 0):
 garbage-first heap   total 48128K, used 37515K [0x00000000e0000000, 0x0000000100000000)
  region size 1024K, 28 young (28672K), 3 survivors (3072K)
 Metaspace       used 25292K, committed 25664K, reserved 1114112K
  class space    used 3346K, committed 3520K, reserved 1048576K
}
Event: 3.545 GC heap after
{Heap after GC invocations=7 (full 0):
 garbage-first heap   total 48128K, used 14094K [0x00000000e0000000, 0x0000000100000000)
  region size 1024K, 3 young (3072K), 3 survivors (3072K)
 Metaspace       used 25292K, committed 25664K, reserved 1114112K
  class space    used 3346K, committed 3520K, reserved 1048576K
}
Event: 3.565 GC heap before
{Heap before GC invocations=7 (full 0):
 garbage-first heap   total 48128K, used 15118K [0x00000000e0000000, 0x0000000100000000)
  region size 1024K, 4 young (4096K), 3 survivors (3072K)
 Metaspace       used 25486K, committed 25792K, reserved 1114112K
  class space    used 3361K, committed 3520K, reserved 1048576K
}
Event: 3.569 GC heap after
{Heap after GC invocations=8 (full 0):
 garbage-first heap   total 48128K, used 14533K [0x00000000e0000000, 0x0000000100000000)
  region size 1024K, 1 young (1024K), 1 survivors (1024K)
 Metaspace       used 25486K, committed 25792K, reserved 1114112K
  class space    used 3361K, committed 3520K, reserved 1048576K
}
Event: 4.249 GC heap before
{Heap before GC invocations=8 (full 0):
 garbage-first heap   total 48128K, used 32965K [0x00000000e0000000, 0x0000000100000000)
  region size 1024K, 20 young (20480K), 1 survivors (1024K)
 Metaspace       used 28311K, committed 28608K, reserved 1114112K
  class space    used 3708K, committed 3840K, reserved 1048576K
}
Event: 4.251 GC heap after
{Heap after GC invocations=9 (full 0):
 garbage-first heap   total 48128K, used 15877K [0x00000000e0000000, 0x0000000100000000)
  region size 1024K, 2 young (2048K), 2 survivors (2048K)
 Metaspace       used 28311K, committed 28608K, reserved 1114112K
  class space    used 3708K, committed 3840K, reserved 1048576K
}
Event: 5.002 GC heap before
{Heap before GC invocations=9 (full 0):
 garbage-first heap   total 48128K, used 35333K [0x00000000e0000000, 0x0000000100000000)
  region size 1024K, 21 young (21504K), 2 survivors (2048K)
 Metaspace       used 31543K, committed 32000K, reserved 1114112K
  class space    used 4181K, committed 4416K, reserved 1048576K
}
Event: 5.005 GC heap after
{Heap after GC invocations=10 (full 0):
 garbage-first heap   total 48128K, used 17526K [0x00000000e0000000, 0x0000000100000000)
  region size 1024K, 2 young (2048K), 2 survivors (2048K)
 Metaspace       used 31543K, committed 32000K, reserved 1114112K
  class space    used 4181K, committed 4416K, reserved 1048576K
}
Event: 5.685 GC heap before
{Heap before GC invocations=10 (full 0):
 garbage-first heap   total 48128K, used 35958K [0x00000000e0000000, 0x0000000100000000)
  region size 1024K, 20 young (20480K), 2 survivors (2048K)
 Metaspace       used 35270K, committed 35776K, reserved 1114112K
  class space    used 4749K, committed 4992K, reserved 1048576K
}
Event: 5.688 GC heap after
{Heap after GC invocations=11 (full 0):
 garbage-first heap   total 48128K, used 19165K [0x00000000e0000000, 0x0000000100000000)
  region size 1024K, 2 young (2048K), 2 survivors (2048K)
 Metaspace       used 35270K, committed 35776K, reserved 1114112K
  class space    used 4749K, committed 4992K, reserved 1048576K
}
Event: 5.830 GC heap before
{Heap before GC invocations=11 (full 0):
 garbage-first heap   total 48128K, used 23261K [0x00000000e0000000, 0x0000000100000000)
  region size 1024K, 7 young (7168K), 2 survivors (2048K)
 Metaspace       used 35833K, committed 36288K, reserved 1114112K
  class space    used 4826K, committed 5056K, reserved 1048576K
}
Event: 5.833 GC heap after
{Heap after GC invocations=12 (full 0):
 garbage-first heap   total 48128K, used 19714K [0x00000000e0000000, 0x0000000100000000)
  region size 1024K, 3 young (3072K), 3 survivors (3072K)
 Metaspace       used 35833K, committed 36288K, reserved 1114112K
  class space    used 4826K, committed 5056K, reserved 1048576K
}
Event: 6.137 GC heap before
{Heap before GC invocations=13 (full 0):
 garbage-first heap   total 48128K, used 35074K [0x00000000e0000000, 0x0000000100000000)
  region size 1024K, 18 young (18432K), 3 survivors (3072K)
 Metaspace       used 37283K, committed 37760K, reserved 1114112K
  class space    used 5032K, committed 5248K, reserved 1048576K
}
Event: 6.141 GC heap after
{Heap after GC invocations=14 (full 0):
 garbage-first heap   total 48128K, used 20592K [0x00000000e0000000, 0x0000000100000000)
  region size 1024K, 2 young (2048K), 2 survivors (2048K)
 Metaspace       used 37283K, committed 37760K, reserved 1114112K
  class space    used 5032K, committed 5248K, reserved 1048576K
}

Deoptimization events (20 events):
Event: 6.172 Thread 0x000002b2c419fa70 Uncommon trap: trap_request=0xffffffc6 fr.pc=0x000002b2d36e3dec relative=0x00000000000002ac
Event: 6.172 Thread 0x000002b2c419fa70 Uncommon trap: reason=bimorphic_or_optimized_type_check action=maybe_recompile pc=0x000002b2d36e3dec method=java.util.HashMap.getNode(Ljava/lang/Object;)Ljava/util/HashMap$Node; @ 63 c2
Event: 6.172 Thread 0x000002b2c419fa70 DEOPT PACKING pc=0x000002b2d36e3dec sp=0x000000e7889f8ff0
Event: 6.172 Thread 0x000002b2c419fa70 DEOPT UNPACKING pc=0x000002b2cbaf23a3 sp=0x000000e7889f8f58 mode 2
Event: 6.172 Thread 0x000002b2c419fa70 Uncommon trap: trap_request=0xffffffc6 fr.pc=0x000002b2d36e3dec relative=0x00000000000002ac
Event: 6.172 Thread 0x000002b2c419fa70 Uncommon trap: reason=bimorphic_or_optimized_type_check action=maybe_recompile pc=0x000002b2d36e3dec method=java.util.HashMap.getNode(Ljava/lang/Object;)Ljava/util/HashMap$Node; @ 63 c2
Event: 6.172 Thread 0x000002b2c419fa70 DEOPT PACKING pc=0x000002b2d36e3dec sp=0x000000e7889f8cf0
Event: 6.172 Thread 0x000002b2c419fa70 DEOPT UNPACKING pc=0x000002b2cbaf23a3 sp=0x000000e7889f8c58 mode 2
Event: 6.202 Thread 0x000002b2c419fa70 Uncommon trap: trap_request=0xffffff45 fr.pc=0x000002b2d369fb10 relative=0x0000000000000730
Event: 6.202 Thread 0x000002b2c419fa70 Uncommon trap: reason=unstable_if action=reinterpret pc=0x000002b2d369fb10 method=java.util.StringTokenizer.nextToken()Ljava/lang/String; @ 5 c2
Event: 6.202 Thread 0x000002b2c419fa70 DEOPT PACKING pc=0x000002b2d369fb10 sp=0x000000e7889fa260
Event: 6.202 Thread 0x000002b2c419fa70 DEOPT UNPACKING pc=0x000002b2cbaf23a3 sp=0x000000e7889fa230 mode 2
Event: 6.243 Thread 0x000002b2c419fa70 DEOPT PACKING pc=0x000002b2cc6946e6 sp=0x000000e7889fa030
Event: 6.243 Thread 0x000002b2c419fa70 DEOPT UNPACKING pc=0x000002b2cbaf2b43 sp=0x000000e7889f94f8 mode 0
Event: 6.243 Thread 0x000002b2c419fa70 DEOPT PACKING pc=0x000002b2cc592ab1 sp=0x000000e7889fa0f0
Event: 6.243 Thread 0x000002b2c419fa70 DEOPT UNPACKING pc=0x000002b2cbaf2b43 sp=0x000000e7889f95a8 mode 0
Event: 6.243 Thread 0x000002b2c419fa70 DEOPT PACKING pc=0x000002b2cc6946e6 sp=0x000000e7889fa040
Event: 6.243 Thread 0x000002b2c419fa70 DEOPT UNPACKING pc=0x000002b2cbaf2b43 sp=0x000000e7889f9508 mode 0
Event: 6.244 Thread 0x000002b2c419fa70 DEOPT PACKING pc=0x000002b2cc6946e6 sp=0x000000e7889fa040
Event: 6.244 Thread 0x000002b2c419fa70 DEOPT UNPACKING pc=0x000002b2cbaf2b43 sp=0x000000e7889f9508 mode 0

Classes loaded (20 events):
Event: 5.968 Loading class java/lang/Package$1PackageInfoProxy
Event: 5.968 Loading class java/lang/Package$1PackageInfoProxy done
Event: 6.027 Loading class java/util/stream/ReduceOps$5
Event: 6.028 Loading class java/util/stream/ReduceOps$5 done
Event: 6.029 Loading class java/util/stream/ReduceOps$CountingSink$OfRef
Event: 6.029 Loading class java/util/stream/ReduceOps$CountingSink
Event: 6.029 Loading class java/util/stream/ReduceOps$CountingSink done
Event: 6.029 Loading class java/util/stream/ReduceOps$CountingSink$OfRef done
Event: 6.073 Loading class java/lang/Character$UnicodeBlock
Event: 6.074 Loading class java/lang/Character$Subset
Event: 6.074 Loading class java/lang/Character$Subset done
Event: 6.074 Loading class java/lang/Character$UnicodeBlock done
Event: 6.197 Loading class java/io/FileReader
Event: 6.197 Loading class java/io/FileReader done
Event: 6.241 Loading class java/lang/UnsatisfiedLinkError
Event: 6.241 Loading class java/lang/UnsatisfiedLinkError done
Event: 6.279 Loading class javax/management/NotificationEmitter
Event: 6.280 Loading class javax/management/NotificationBroadcaster
Event: 6.280 Loading class javax/management/NotificationBroadcaster done
Event: 6.280 Loading class javax/management/NotificationEmitter done

Classes unloaded (0 events):
No events

Classes redefined (0 events):
No events

Internal exceptions (20 events):
Event: 5.028 Thread 0x000002b2c419fa70 Implicit null exception at 0x000002b2d36f0160 to 0x000002b2d36f0b10
Event: 5.028 Thread 0x000002b2c419fa70 Exception <a 'java/lang/NoSuchMethodError'{0x00000000e35b7d68}: 'java.lang.reflect.Field[] java.lang.Class.getDeclaredFields(java.lang.Class)'> (0x00000000e35b7d68) 
thrown [s\open\src\hotspot\share\interpreter\linkResolver.cpp, line 766]
Event: 5.052 Thread 0x000002b2c419fa70 Exception <a 'java/lang/NoSuchMethodError'{0x00000000e2d88ed0}: 'java.lang.Object java.lang.invoke.DirectMethodHandle$Holder.invokeVirtual(java.lang.Object, java.lang.Object, java.lang.Object, java.lang.Object, java.lang.Object)'> (0x00000000e2d88ed0) 
thrown [s\open\src\hotspot\share\interpreter\linkResolver.cpp, line 766]
Event: 5.201 Thread 0x000002b2c419fa70 Implicit null exception at 0x000002b2d3598452 to 0x000002b2d3598948
Event: 5.202 Thread 0x000002b2c419fa70 Implicit null exception at 0x000002b2d35ab1d2 to 0x000002b2d35ab6bc
Event: 5.251 Thread 0x000002b2c419fa70 Exception <a 'java/lang/NoSuchMethodError'{0x00000000e284c6d8}: 'long java.lang.invoke.DirectMethodHandle$Holder.invokeStatic(java.lang.Object)'> (0x00000000e284c6d8) 
thrown [s\open\src\hotspot\share\interpreter\linkResolver.cpp, line 766]
Event: 5.450 Thread 0x000002b2c419fa70 Exception <a 'java/lang/IncompatibleClassChangeError'{0x00000000e2202b90}: Found class java.lang.Object, but interface was expected> (0x00000000e2202b90) 
thrown [s\open\src\hotspot\share\interpreter\linkResolver.cpp, line 833]
Event: 5.461 Thread 0x000002b2c419fa70 Exception <a 'java/lang/NoSuchMethodError'{0x00000000e2243448}: 'java.lang.Object java.lang.invoke.DirectMethodHandle$Holder.newInvokeSpecial(java.lang.Object, java.lang.Object, java.lang.Object, int, int)'> (0x00000000e2243448) 
thrown [s\open\src\hotspot\share\interpreter\linkResolver.cpp, line 766]
Event: 5.501 Thread 0x000002b2c419fa70 Exception <a 'sun/nio/fs/WindowsException'{0x00000000e2146e08}> (0x00000000e2146e08) 
thrown [s\open\src\hotspot\share\prims\jni.cpp, line 516]
Event: 5.503 Thread 0x000002b2c419fa70 Exception <a 'sun/nio/fs/WindowsException'{0x00000000e214c810}> (0x00000000e214c810) 
thrown [s\open\src\hotspot\share\prims\jni.cpp, line 516]
Event: 5.512 Thread 0x000002b2c419fa70 Exception <a 'java/lang/IncompatibleClassChangeError'{0x00000000e21e3990}: Found class java.lang.Object, but interface was expected> (0x00000000e21e3990) 
thrown [s\open\src\hotspot\share\interpreter\linkResolver.cpp, line 833]
Event: 5.658 Thread 0x000002b2c419fa70 Exception <a 'java/lang/IncompatibleClassChangeError'{0x00000000e1d374a8}: Found class java.lang.Object, but interface was expected> (0x00000000e1d374a8) 
thrown [s\open\src\hotspot\share\interpreter\linkResolver.cpp, line 833]
Event: 5.797 Thread 0x000002b2c419fa70 Exception <a 'java/lang/NoSuchMethodError'{0x00000000e2b65c60}: 'long java.lang.invoke.DirectMethodHandle$Holder.invokeVirtual(java.lang.Object, java.lang.Object)'> (0x00000000e2b65c60) 
thrown [s\open\src\hotspot\share\interpreter\linkResolver.cpp, line 766]
Event: 5.799 Thread 0x000002b2c419fa70 Exception <a 'java/lang/NoSuchMethodError'{0x00000000e2b778f8}: 'java.lang.Object java.lang.invoke.DirectMethodHandle$Holder.newInvokeSpecial(java.lang.Object, long)'> (0x00000000e2b778f8) 
thrown [s\open\src\hotspot\share\interpreter\linkResolver.cpp, line 766]
Event: 5.960 Thread 0x000002b2c419fa70 Exception <a 'java/lang/IncompatibleClassChangeError'{0x00000000e2bd61e8}: Found class java.lang.Object, but interface was expected> (0x00000000e2bd61e8) 
thrown [s\open\src\hotspot\share\interpreter\linkResolver.cpp, line 833]
Event: 6.081 Thread 0x000002b2c419fa70 Exception <a 'java/lang/NoSuchMethodError'{0x00000000e212c828}: 'java.lang.Object java.lang.invoke.DirectMethodHandle$Holder.invokeStatic(java.lang.Object, java.lang.Object, int, java.lang.Object)'> (0x00000000e212c828) 
thrown [s\open\src\hotspot\share\interpreter\linkResolver.cpp, line 766]
Event: 6.197 Thread 0x000002b2c419fa70 Exception <a 'java/io/FileNotFoundException'{0x00000000e2a43760}> (0x00000000e2a43760) 
thrown [s\open\src\hotspot\share\prims\jni.cpp, line 516]
Event: 6.198 Thread 0x000002b2c419fa70 Exception <a 'java/io/FileNotFoundException'{0x00000000e2a4b270}> (0x00000000e2a4b270) 
thrown [s\open\src\hotspot\share\prims\jni.cpp, line 516]
Event: 6.301 Thread 0x000002b2c419fa70 Exception <a 'java/lang/NoSuchMethodError'{0x00000000e27681a0}: 'java.lang.Object java.lang.invoke.DirectMethodHandle$Holder.invokeVirtual(java.lang.Object, java.lang.Object, java.lang.Object, java.lang.Object, java.lang.Object, java.lang.Object)'> (0x00000000e27681a0) 
thrown [s\open\src\hotspot\share\interpreter\linkResolver.cpp, line 766]
Event: 6.315 Thread 0x000002b2c419fa70 Exception <a 'java/lang/NoSuchMethodError'{0x00000000e27cbb68}: 'void java.lang.invoke.DirectMethodHandle$Holder.invokeInterface(java.lang.Object, java.lang.Object, int)'> (0x00000000e27cbb68) 
thrown [s\open\src\hotspot\share\interpreter\linkResolver.cpp, line 766]

VM Operations (20 events):
Event: 5.493 Executing VM operation: ICBufferFull
Event: 5.494 Executing VM operation: ICBufferFull done
Event: 5.586 Executing VM operation: HandshakeAllThreads
Event: 5.586 Executing VM operation: HandshakeAllThreads done
Event: 5.684 Executing VM operation: G1CollectForAllocation
Event: 5.688 Executing VM operation: G1CollectForAllocation done
Event: 5.761 Executing VM operation: HandshakeAllThreads
Event: 5.761 Executing VM operation: HandshakeAllThreads done
Event: 5.830 Executing VM operation: CollectForMetadataAllocation
Event: 5.833 Executing VM operation: CollectForMetadataAllocation done
Event: 5.848 Executing VM operation: G1Concurrent
Event: 5.851 Executing VM operation: G1Concurrent done
Event: 5.856 Executing VM operation: G1Concurrent
Event: 5.856 Executing VM operation: G1Concurrent done
Event: 6.028 Executing VM operation: HandshakeAllThreads
Event: 6.029 Executing VM operation: HandshakeAllThreads done
Event: 6.137 Executing VM operation: G1CollectForAllocation
Event: 6.141 Executing VM operation: G1CollectForAllocation done
Event: 6.209 Executing VM operation: HandshakeAllThreads
Event: 6.209 Executing VM operation: HandshakeAllThreads done

Events (20 events):
Event: 0.133 Loaded shared library C:\Program Files\Java\jdk-18.0.1.1\bin\nio.dll
Event: 0.143 Loaded shared library C:\Program Files\Java\jdk-18.0.1.1\bin\zip.dll
Event: 0.250 Loaded shared library C:\Program Files\Java\jdk-18.0.1.1\bin\verify.dll
Event: 0.259 Loaded shared library C:\Program Files\Java\jdk-18.0.1.1\bin\jimage.dll
Event: 0.714 Thread 0x000002b2e3564b90 Thread added: 0x000002b2e3564b90
Event: 0.857 Thread 0x000002b2e35b2d80 Thread added: 0x000002b2e35b2d80
Event: 0.858 Thread 0x000002b2e359bdc0 Thread added: 0x000002b2e359bdc0
Event: 0.929 Thread 0x000002b2e34b8210 Thread added: 0x000002b2e34b8210
Event: 2.645 Thread 0x000002b2e4364070 Thread added: 0x000002b2e4364070
Event: 3.101 Thread 0x000002b2e4edb840 Thread added: 0x000002b2e4edb840
Event: 3.197 Thread 0x000002b2e4edb840 Thread exited: 0x000002b2e4edb840
Event: 3.672 Loaded shared library C:\Program Files\Java\jdk-18.0.1.1\bin\sunmscapi.dll
Event: 3.713 Thread 0x000002b2e4364070 Thread exited: 0x000002b2e4364070
Event: 3.845 Thread 0x000002b2e34b8210 Thread exited: 0x000002b2e34b8210
Event: 4.621 Thread 0x000002b2e512b1d0 Thread added: 0x000002b2e512b1d0
Event: 5.007 Thread 0x000002b2e512b1d0 Thread exited: 0x000002b2e512b1d0
Event: 5.100 Thread 0x000002b2e43b5760 Thread added: 0x000002b2e43b5760
Event: 5.239 Thread 0x000002b2e43b2c10 Thread added: 0x000002b2e43b2c10
Event: 5.239 Thread 0x000002b2e43b1da0 Thread added: 0x000002b2e43b1da0
Event: 5.418 Thread 0x000002b2e43b3a80 Thread added: 0x000002b2e43b3a80


Dynamic libraries:
0x00007ff737520000 - 0x00007ff737530000 	C:\Program Files\Java\jdk-18.0.1.1\bin\java.exe
0x00007ffaf4370000 - 0x00007ffaf4586000 	C:\WINDOWS\SYSTEM32\ntdll.dll
0x00007ffaf2c80000 - 0x00007ffaf2d44000 	C:\WINDOWS\System32\KERNEL32.DLL
0x00007ffaf17e0000 - 0x00007ffaf1b87000 	C:\WINDOWS\System32\KERNELBASE.dll
0x00007ffaf1de0000 - 0x00007ffaf1ef1000 	C:\WINDOWS\System32\ucrtbase.dll
0x00007ffada150000 - 0x00007ffada168000 	C:\Program Files\Java\jdk-18.0.1.1\bin\jli.dll
0x00007ffaee9a0000 - 0x00007ffaee9ba000 	C:\Program Files\Java\jdk-18.0.1.1\bin\VCRUNTIME140.dll
0x00007ffaf20a0000 - 0x00007ffaf2152000 	C:\WINDOWS\System32\ADVAPI32.dll
0x00007ffaf2160000 - 0x00007ffaf2207000 	C:\WINDOWS\System32\msvcrt.dll
0x00007ffaf3ec0000 - 0x00007ffaf3f68000 	C:\WINDOWS\System32\sechost.dll
0x00007ffaf1f00000 - 0x00007ffaf1f28000 	C:\WINDOWS\System32\bcrypt.dll
0x00007ffaf2d80000 - 0x00007ffaf2e95000 	C:\WINDOWS\System32\RPCRT4.dll
0x00007ffaf3d10000 - 0x00007ffaf3ebe000 	C:\WINDOWS\System32\USER32.dll
0x00007ffaf17b0000 - 0x00007ffaf17d6000 	C:\WINDOWS\System32\win32u.dll
0x00007ffad1f00000 - 0x00007ffad2193000 	C:\WINDOWS\WinSxS\amd64_microsoft.windows.common-controls_6595b64144ccf1df_6.0.22621.3235_none_270f74e173860f98\COMCTL32.dll
0x00007ffaf2d50000 - 0x00007ffaf2d79000 	C:\WINDOWS\System32\GDI32.dll
0x00007ffaf1690000 - 0x00007ffaf17a9000 	C:\WINDOWS\System32\gdi32full.dll
0x00007ffaf1cc0000 - 0x00007ffaf1d5a000 	C:\WINDOWS\System32\msvcp_win.dll
0x00007ffaf12f0000 - 0x00007ffaf12fa000 	C:\WINDOWS\SYSTEM32\VERSION.dll
0x00007ffaf2440000 - 0x00007ffaf2471000 	C:\WINDOWS\System32\IMM32.DLL
0x0000000057da0000 - 0x0000000057dac000 	C:\Program Files (x86)\360\Total Security\safemon\SafeWrapper.dll
0x00007ffacbd00000 - 0x00007ffacbd92000 	C:\Program Files (x86)\360\Total Security\safemon\libzdtp64.dll
0x00007ffaf34b0000 - 0x00007ffaf3d0c000 	C:\WINDOWS\System32\SHELL32.dll
0x00007ffaf2b20000 - 0x00007ffaf2b7e000 	C:\WINDOWS\System32\SHLWAPI.dll
0x00007ffadbd10000 - 0x00007ffadbd1c000 	C:\Program Files\Java\jdk-18.0.1.1\bin\vcruntime140_1.dll
0x00007ffac26d0000 - 0x00007ffac275d000 	C:\Program Files\Java\jdk-18.0.1.1\bin\msvcp140.dll
0x00007ffa6a7e0000 - 0x00007ffa6b3f0000 	C:\Program Files\Java\jdk-18.0.1.1\bin\server\jvm.dll
0x00007ffaf41e0000 - 0x00007ffaf41e8000 	C:\WINDOWS\System32\PSAPI.DLL
0x00007ffaee950000 - 0x00007ffaee959000 	C:\WINDOWS\SYSTEM32\WSOCK32.dll
0x00007ffae9db0000 - 0x00007ffae9de4000 	C:\WINDOWS\SYSTEM32\WINMM.dll
0x00007ffaf2480000 - 0x00007ffaf24f1000 	C:\WINDOWS\System32\WS2_32.dll
0x00007ffaf0660000 - 0x00007ffaf0678000 	C:\WINDOWS\SYSTEM32\kernel.appcore.dll
0x00007ffada140000 - 0x00007ffada14a000 	C:\Program Files\Java\jdk-18.0.1.1\bin\jimage.dll
0x00007ffae5b90000 - 0x00007ffae5dc3000 	C:\WINDOWS\SYSTEM32\DBGHELP.DLL
0x00007ffaf2550000 - 0x00007ffaf28d8000 	C:\WINDOWS\System32\combase.dll
0x00007ffaf28e0000 - 0x00007ffaf29b7000 	C:\WINDOWS\System32\OLEAUT32.dll
0x00007ffad8e90000 - 0x00007ffad8ec2000 	C:\WINDOWS\SYSTEM32\dbgcore.DLL
0x00007ffaf1d60000 - 0x00007ffaf1dd9000 	C:\WINDOWS\System32\bcryptPrimitives.dll
0x00007ffacbda0000 - 0x00007ffacbdc5000 	C:\Program Files\Java\jdk-18.0.1.1\bin\java.dll
0x00007ffa9ee70000 - 0x00007ffa9ef46000 	C:\Program Files\Java\jdk-18.0.1.1\bin\jsvml.dll
0x00007ffaef540000 - 0x00007ffaefe39000 	C:\WINDOWS\SYSTEM32\windows.storage.dll
0x00007ffaef400000 - 0x00007ffaef53e000 	C:\WINDOWS\SYSTEM32\wintypes.dll
0x00007ffaf2b80000 - 0x00007ffaf2c73000 	C:\WINDOWS\System32\SHCORE.dll
0x00007ffaf15c0000 - 0x00007ffaf15e1000 	C:\WINDOWS\SYSTEM32\profapi.dll
0x00007ffaced20000 - 0x00007ffaced33000 	C:\Program Files\Java\jdk-18.0.1.1\bin\net.dll
0x00007ffaea700000 - 0x00007ffaea836000 	C:\WINDOWS\SYSTEM32\WINHTTP.dll
0x00007ffaf0ad0000 - 0x00007ffaf0b39000 	C:\WINDOWS\system32\mswsock.dll
0x00007ffac26b0000 - 0x00007ffac26c6000 	C:\Program Files\Java\jdk-18.0.1.1\bin\nio.dll
0x00007ffab5200000 - 0x00007ffab5218000 	C:\Program Files\Java\jdk-18.0.1.1\bin\zip.dll
0x00007ffac70e0000 - 0x00007ffac70f0000 	C:\Program Files\Java\jdk-18.0.1.1\bin\verify.dll
0x00007ffaf00b0000 - 0x00007ffaf00dd000 	C:\WINDOWS\SYSTEM32\IPHLPAPI.DLL
0x00007ffaf3410000 - 0x00007ffaf3419000 	C:\WINDOWS\System32\NSI.dll
0x00007ffaea8d0000 - 0x00007ffaea8e9000 	C:\WINDOWS\SYSTEM32\dhcpcsvc6.DLL
0x00007ffaea8b0000 - 0x00007ffaea8cf000 	C:\WINDOWS\SYSTEM32\dhcpcsvc.DLL
0x00007ffaf00e0000 - 0x00007ffaf01d9000 	C:\WINDOWS\SYSTEM32\DNSAPI.dll
0x00007ffaf0d30000 - 0x00007ffaf0d4b000 	C:\WINDOWS\SYSTEM32\CRYPTSP.dll
0x00007ffaf05c0000 - 0x00007ffaf05f5000 	C:\WINDOWS\system32\rsaenh.dll
0x00007ffaf0bd0000 - 0x00007ffaf0bf8000 	C:\WINDOWS\SYSTEM32\USERENV.dll
0x00007ffaf0d50000 - 0x00007ffaf0d5c000 	C:\WINDOWS\SYSTEM32\CRYPTBASE.dll
0x00007ffacac70000 - 0x00007ffacac7e000 	C:\Program Files\Java\jdk-18.0.1.1\bin\sunmscapi.dll
0x00007ffaf1f30000 - 0x00007ffaf2097000 	C:\WINDOWS\System32\CRYPT32.dll
0x00007ffaf0f70000 - 0x00007ffaf0f9e000 	C:\WINDOWS\SYSTEM32\ncrypt.dll
0x00007ffaf0f20000 - 0x00007ffaf0f57000 	C:\WINDOWS\SYSTEM32\NTASN1.dll
0x00007ffae6a00000 - 0x00007ffae6a0a000 	C:\Windows\System32\rasadhlp.dll
0x00007ffae6a10000 - 0x00007ffae6a93000 	C:\WINDOWS\System32\fwpuclnt.dll

dbghelp: loaded successfully - version: 4.0.5 - missing functions: none
symbol engine: initialized successfully - sym options: 0x614 - pdb path: .;C:\Program Files\Java\jdk-18.0.1.1\bin;C:\WINDOWS\SYSTEM32;C:\WINDOWS\WinSxS\amd64_microsoft.windows.common-controls_6595b64144ccf1df_6.0.22621.3235_none_270f74e173860f98;C:\Program Files (x86)\360\Total Security\safemon;C:\Program Files\Java\jdk-18.0.1.1\bin\server

VM Arguments:
jvm_args: -Dorg.gradle.internal.worker.tmpdir=C:\Users\marce\OneDrive\Documents\MARCELA\Ing. Sistemas\8vo semestre\Proyecto Final\uniLocal\build\tmp\test\work -Dorg.gradle.native=false -Xmx512m -Dfile.encoding=windows-1252 -Duser.country=CO -Duser.language=es -Duser.variant -ea 
java_command: worker.org.gradle.process.internal.worker.GradleWorkerMain 'Gradle Test Executor 1'
java_class_path (initial): C:\Users\marce\.gradle\caches\8.5\workerMain\gradle-worker.jar;C:\Users\marce\OneDrive\Documents\MARCELA\Ing. Sistemas\8vo semestre\Proyecto Final\uniLocal\build\classes\java\test;C:\Users\marce\OneDrive\Documents\MARCELA\Ing. Sistemas\8vo semestre\Proyecto Final\uniLocal\build\resources\test;C:\Users\marce\OneDrive\Documents\MARCELA\Ing. Sistemas\8vo semestre\Proyecto Final\uniLocal\build\classes\java\main;C:\Users\marce\OneDrive\Documents\MARCELA\Ing. Sistemas\8vo semestre\Proyecto Final\uniLocal\build\resources\main;C:\Users\marce\.gradle\caches\modules-2\files-2.1\org.springframework.boot\spring-boot-starter-validation\3.2.2\faedd363ffbafde6a23bc7183ce79de11a96e780\spring-boot-starter-validation-3.2.2.jar;C:\Users\marce\.gradle\caches\modules-2\files-2.1\org.springframework.boot\spring-boot-starter-data-mongodb\3.2.2\690131c078e7ab5258f11a2816c0f1b433e88a90\spring-boot-starter-data-mongodb-3.2.2.jar;C:\Users\marce\.gradle\caches\modules-2\files-2.1\org.springframework.boot\spring-boot-starter-web\3.2.2\b89d213d9f49c3e6247b2503ac7d94b0ac8260f6\spring-boot-starter-web-3.2.2.jar;C:\Users\marce\.gradle\caches\modules-2\files-2.1\org.apache.pdfbox\pdfbox\2.0.24\cb562ee5f43e29415af4477e62fbe668ef88d18b\pdfbox-2.0.24.jar;C:\Users\marce\.gradle\caches\modules-2\files-2.1\org.springframework.boot\spring-boot-starter-mail\3.2.2\22caa13d58241fa44466edc2a2587992a203791e\spring-boot-starter-mail-3.2.2.jar;C:\Users\marce\.gradle\caches\modules-2\files-2.1\org.springframework.boot\spring-boot-starter-test\3.2.2\8785ad456a809e3eec319d7bbb36c3e971abd00f\spring-boot-starter-test-3.2.2.jar;C:\Users\marce\.gradle\caches\modules-2\files-2.1\org.springframework.boot\spring-boot-starter-json\3.2.2\328f5ce9e10d5f90520e72a3ff8a2586b9e46b37\spring-boot-starter-json-3.2.2.jar;C:\Users\marce\.gradle\caches\modules-2\files-2.1\org.springframework.boot\spring-boot-starter\3.2.2\dc04714f9295297f92fa8099eb51edc54dbe67db\spring-boot-starter-3.2.2.jar;C:\Users\marce\.gradle\caches\modules-2\files-2.1\org.springframework.boot\spring-boot-starter-tomcat\3.2.2\e22a0ba37910731b382f3fe47ad36aed20fad24d\spring-boot-starter-tomcat-3.2.2.jar;C:\Users\marce\.gradle\caches\modules-2\files-2.1\org.apache.tomcat.embed\tomcat-embed-el\10.1.18\b2c4dc05abd363c63b245523bb071727aa2f1046\tomcat-embed-el-10.1.18.jar;C:\Users\marce\.gradle\caches\modules-2\files-2.1\org.hibernate.validator\hibernate-validator\8.0.1.Final\e49e116b3d3928060599b176b3538bb848718e95\hibernate-validator-8.0.1.Final.jar;C:\Users\marce\.gradle\caches\modules-2\files-2.1\org.mongodb\mongodb-driver-sync\4.11.1\745dd8183b5f89e6211db8c1acdf30cc44447759\mongodb-driver-sync-4.11.1.jar;C:\Users\marce\.gradle\caches\modules-2\files-2.1\org.springframework.data\spring-data-mongodb\4.2.2\ad90a29263412f8372156ac84cbed066da6a10fe\spring-data-mongodb-4.2.2.jar;C:\Users\marce\.gradle\caches\modules-2\files-2.1\org.springframework\spring-webmvc\6.1.3\f4738a57787add6567e0679eebb1b499a11019cc\spring-webmvc-6.1.3.jar;C:\Users\marce\.gradle\caches\modules-2\files-2.1\org.springframework\spring-web\6.1.3\cc3459b4abd436331608ddb6424886875f7086ab\spring-web-6.1.3.jar;C:\Users\marce\.gradle\caches\modules-2\files-2.1\org.apache.pdfbox\fontbox\2.0.24\df8ecb3006dfcd52355a5902096e5ec34f06112e\fontbox-2.0.24.jar;C:\Users\marce\.gradle\caches\modules-2\files-2.1\commons-logging\commons-logging\1.2\4bfc12adfe4842bf07b657f0369c4cb522955686\commons-logging-1.2.jar;C:\Users\marce\.gradle\caches\modules-2\files-2.1\org.springframework\spring-context-support\6.1.3\55ff73910c4851c37f6919a071453ddc40f7dc38\spring-context-support-6.1.3.jar;C:\Users\marce\.gradle\caches\modules-2\files-2.1\org.eclipse.angus\jakarta.mail\2.0.2\c73e4d70a62a1184eb01e989d6544082ee5e0362\jakarta.mail-2.0.2.jar;C:\Users\marce\.gradle\caches\modules-2\files-2.1\org.springframework.boot\spring-boot-test-autoconfigure\3.2.2\3413e663b2e3e005db07a60883ac6cd01b0dc0c\spring-boot-test-autoconfigure-3.2.2.jar;C:\Users\marce\.gradle\caches\modules-2\files-2.1\org.springframework.boot\spring-boot-test\3.2.2\9e76de9c9f520865c5d62588323f018a9d4e9077\spring-boot-test-3.2.2.jar;C:\Users\marce\.gradle\caches\modules-2\files-2.1\com.jayway.jsonpath\json-path\2.8.0\b4ab3b7a9e425655a0ca65487bbbd6d7ddb75160\json-path-2.8.0.jar;C:\Users\marce\.gradle\caches\modules-2\files-2.1\jakarta.xml.bind\jakarta.xml.bind-api\4.0.1\ca2330866cbc624c7e5ce982e121db1125d23e15\jakarta.xml.bind-api-4.0.1.jar;C:\Users\marce\.gradle\caches\modules-2\files-2.1\net.minidev\json-smart\2.5.0\57a64f421b472849c40e77d2e7cce3a141b41e99\json-smart-2.5.0.jar;C:\Users\marce\.gradle\caches\modules-2\files-2.1\org.assertj\assertj-core\3.24.2\ebbf338e33f893139459ce5df023115971c2786f\assertj-core-3.24.2.jar;C:\Users\marce\.gradle\caches\modules-2\files-2.1\org.awaitility\awaitility\4.2.0\2c39784846001a9cffd6c6b89c78de62c0d80fb8\awaitility-4.2.0.jar;C:\Users\marce\.gradle\caches\modules-2\files-2.1\org.hamcrest\hamcrest\2.2\1820c0968dba3a11a1b30669bb1f01978a91dedc\hamcrest-2.2.jar;C:\Users\marce\.gradle\caches\modules-2\files-2.1\org.mockito\mockito-junit-jupiter\5.7.0\ac2d6a3431747a7986b8f4abef465f72bf3a21ae\mockito-junit-jupiter-5.7.0.jar;C:\Users\marce\.gradle\caches\modules-2\files-2.1\org.junit.jupiter\junit-jupiter-params\5.10.1\c8f15d4e99940c4564098af78c10809c00fdca06\junit-jupiter-params-5.10.1.jar;C:\Users\marce\.gradle\caches\modules-2\files-2.1\org.junit.jupiter\junit-jupiter-engine\5.10.1\6c9ff773f9aa842b91d1f2fe4658973252ce2428\junit-jupiter-engine-5.10.1.jar;C:\Users\marce\.gradle\caches\modules-2\files-2.1\org.junit.jupiter\junit-jupiter-api\5.10.1\eb90c7d8bfaae8fdc97b225733fcb595ddd72843\junit-jupiter-api-5.10.1.jar;C:\Users\marce\.gradle\caches\modules-2\files-2.1\org.junit.platform\junit-platform-engine\1.10.1\f32ae4af74fde68414b8a3d2b7cf1fb43824a83a\junit-platform-engine-1.10.1.jar;C:\Users\marce\.gradle\caches\modules-2\files-2.1\org.junit.platform\junit-platform-commons\1.10.1\2bfcd4a4e38b10c671b6916d7e543c20afe25579\junit-platform-commons-1.10.1.jar;C:\Users\marce\.gradle\caches\modules-2\files-2.1\org.junit.jupiter\junit-jupiter\5.10.1\6e5c7dd668d6349cb99e52ab8321e73479a309bc\junit-jupiter-5.10.1.jar;C:\Users\marce\.gradle\caches\modules-2\files-2.1\org.mockito\mockito-core\5.7.0\a1c258331ab91d66863c983aff7136357e9de056\mockito-core-5.7.0.jar;C:\Users\marce\.gradle\caches\modules-2\files-2.1\org.skyscreamer\jsonassert\1.5.1\6d842d0faf4cf6725c509a5e5347d319ee0431c3\jsonassert-1.5.1.jar;C:\Users\marce\.gradle\caches\modules-2\files-2.1\org.springframework\spring-test\6.1.3\193a0c6c53a4eed98a1d7567e952647a92cf53aa\spring-test-6.1.3.jar;C:\Users\marce\.gradle\caches\modules-2\files-2.1\org.springframework.boot\spring-boot-autoconfigure\3.2.2\5c407409f8d260a4bc6e173d16fc3b36e6adec21\spring-boot-autoconfigure-3.2.2.jar;C:\Users\marce\.gradle\caches\modules-2\files-2.1\org.springframework.boot\spring-boot\3.2.2\9f274d1bd822c4c57bb5b37ecae2380b980f567\spring-boot-3.2.2.jar;C:\Users\marce\.gradle\caches\modules-2\files-2.1\org.springframework\spring-tx\6.1.3\7750337bf46a2ff248685915c7cc88d3bef2f666\spring-tx-6.1.3.jar;C:\Users\marce\.gradle\caches\modules-2\files-2.1\org.springframework\spring-context\6.1.3\c63f038933701058fd7578460c66dbe2d424915\spring-context-6.1.3.jar;C:\Users\marce\.gradle\caches\modules-2\files-2.1\org.springframework.data\spring-data-commons\3.2.2\9b0b0f5f5bc793463a81171d6889809abc14b19b\spring-data-commons-3.2.2.jar;C:\Users\marce\.gradle\caches\modules-2\files-2.1\org.springframework\spring-aop\6.1.3\4d9bd4bd9b8bedf9ef151b45c79766b336117b9a\spring-aop-6.1.3.jar;C:\Users\marce\.gradle\caches\modules-2\files-2.1\org.springframework\spring-beans\6.1.3\c2df4210e796d3a27efc1f22621aa4e2c6cd985f\spring-beans-6.1.3.jar;C:\Users\marce\.gradle\caches\modules-2\files-2.1\org.springframework\spring-expression\6.1.3\7c35fc3d7525a024fdde8a5d7597a6a8a4e59d7\spring-expression-6.1.3.jar;C:\Users\marce\.gradle\caches\modules-2\files-2.1\org.springframework\spring-core\6.1.3\a002e96e780954cc3ac4cd70fd3bb16accdc47ed\spring-core-6.1.3.jar;C:\Users\marce\.gradle\caches\modules-2\files-2.1\org.xmlunit\xmlunit-core\2.9.1\e5833662d9a1279a37da3ef6f62a1da29fcd68c4\xmlunit-core-2.9.1.jar;C:\Users\marce\.gradle\caches\modules-2\files-2.1\org.springframework.boot\spring-boot-starter-logging\3.2.2\3347c3b1cec6cf2d5fa186d1e49d2f378a6b7cae\spring-boot-starter-logging-3.2.2.jar;C:\Users\marce\.gradle\caches\modules-2\files-2.1\jakarta.annotation\jakarta.annotation-api\2.1.1\48b9bda22b091b1f48b13af03fe36db3be6e1ae3\jakarta.annotation-api-2.1.1.jar;C:\Users\marce\.gradle\caches\modules-2\files-2.1\org.yaml\snakeyaml\2.2\3af797a25458550a16bf89acc8e4ab2b7f2bfce0\snakeyaml-2.2.jar;C:\Users\marce\.gradle\caches\modules-2\files-2.1\jakarta.validation\jakarta.validation-api\3.0.2\92b6631659ba35ca09e44874d3eb936edfeee532\jakarta.validation-api-3.0.2.jar;C:\Users\marce\.gradle\caches\modules-2\files-2.1\org.jboss.logging\jboss-logging\3.5.3.Final\c88fc1d8a96d4c3491f55d4317458ccad53ca663\jboss-logging-3.5.3.Final.jar;C:\Users\marce\.gradle\caches\modules-2\files-2.1\com.fasterxml\classmate\1.6.0\91affab6f84a2182fce5dd72a8d01bc14346dddd\classmate-1.6.0.jar;C:\Users\marce\.gradle\caches\modules-2\files-2.1\org.mongodb\mongodb-driver-core\4.11.1\ff92549ef5bdfbc451edeb23dd42ee395223d6e4\mongodb-driver-core-4.11.1.jar;C:\Users\marce\.gradle\caches\modules-2\files-2.1\org.mongodb\bson-record-codec\4.11.1\d7c145266733ead62fa55883b83840931f6eefe5\bson-record-codec-4.11.1.jar;C:\Users\marce\.gradle\caches\modules-2\files-2.1\org.mongodb\bson\4.11.1\b88ffb4f994f5fef89084f037bb17f8285aaa925\bson-4.11.1.jar;C:\Users\marce\.gradle\caches\modules-2\files-2.1\ch.qos.logback\logback-classic\1.4.14\d98bc162275134cdf1518774da4a2a17ef6fb94d\logback-classic-1.4.14.jar;C:\Users\marce\.gradle\caches\modules-2\files-2.1\org.apache.logging.log4j\log4j-to-slf4j\2.21.1\d77b2ba81711ed596cd797cc2b5b5bd7409d841c\log4j-to-slf4j-2.21.1.jar;C:\Users\marce\.gradle\caches\modules-2\files-2.1\org.slf4j\jul-to-slf4j\2.0.11\279356f8e873b1a26badd8bbb3284b5c3b22c770\jul-to-slf4j-2.0.11.jar;C:\Users\marce\.gradle\caches\modules-2\files-2.1\org.slf4j\slf4j-api\2.0.11\ad96c3f8cf895e696dd35c2bc8e8ebe710be9e6d\slf4j-api-2.0.11.jar;C:\Users\marce\.gradle\caches\modules-2\files-2.1\com.fasterxml.jackson.datatype\jackson-datatype-jsr310\2.15.3\4a20a0e104931bfa72f24ef358c2eb63f1ef2aaf\jackson-datatype-jsr310-2.15.3.jar;C:\Users\marce\.gradle\caches\modules-2\files-2.1\com.fasterxml.jackson.module\jackson-module-parameter-names\2.15.3\8d251b90c5358677e7d8161e0c2488e6f84f49da\jackson-module-parameter-names-2.15.3.jar;C:\Users\marce\.gradle\caches\modules-2\files-2.1\com.fasterxml.jackson.core\jackson-annotations\2.15.3\79baf4e605eb3bbb60b1c475d44a7aecceea1d60\jackson-annotations-2.15.3.jar;C:\Users\marce\.gradle\caches\modules-2\files-2.1\com.fasterxml.jackson.core\jackson-core\2.15.3\60d600567c1862840397bf9ff5a92398edc5797b\jackson-core-2.15.3.jar;C:\Users\marce\.gradle\caches\modules-2\files-2.1\com.fasterxml.jackson.datatype\jackson-datatype-jdk8\2.15.3\80158cb020c7bd4e4ba94d8d752a65729dc943b2\jackson-datatype-jdk8-2.15.3.jar;C:\Users\marce\.gradle\caches\modules-2\files-2.1\com.fasterxml.jackson.core\jackson-databind\2.15.3\a734bc2c47a9453c4efa772461a3aeb273c010d9\jackson-databind-2.15.3.jar;C:\Users\marce\.gradle\caches\modules-2\files-2.1\org.apache.tomcat.embed\tomcat-embed-websocket\10.1.18\83a3bc6898f2ceed2357ba231a5e83dc2016d454\tomcat-embed-websocket-10.1.18.jar;C:\Users\marce\.gradle\caches\modules-2\files-2.1\org.apache.tomcat.embed\tomcat-embed-core\10.1.18\bff6c34649d1dd7b509e819794d73ba795947dcf\tomcat-embed-core-10.1.18.jar;C:\Users\marce\.gradle\caches\modules-2\files-2.1\io.micrometer\micrometer-observation\1.12.2\e082b05a2527fc24ea6fbe4c4b7ae34653aace81\micrometer-observation-1.12.2.jar;C:\Users\marce\.gradle\caches\modules-2\files-2.1\org.eclipse.angus\angus-activation\2.0.1\eaafaf4eb71b400e4136fc3a286f50e34a68ecb7\angus-activation-2.0.1.jar;C:\Users\marce\.gradle\caches\modules-2\files-2.1\jakarta.activation\jakarta.activation-api\2.1.2\640c0d5aff45dbff1e1a1bc09673ff3a02b1ba12\jakarta.activation-api-2.1.2.jar;C:\Users\marce\.gradle\caches\modules-2\files-2.1\net.minidev\accessors-smart\2.5.0\aca011492dfe9c26f4e0659028a4fe0970829dd8\accessors-smart-2.5.0.jar;C:\Users\marce\.gradle\caches\modules-2\files-2.1\net.bytebuddy\byte-buddy\1.14.11\725602eb7c8c56b51b9c21f273f9df5c909d9e7d\byte-buddy-1.14.11.jar;C:\Users\marce\.gradle\caches\modules-2\files-2.1\net.bytebuddy\byte-buddy-agent\1.14.11\f9cb566608fbac6bc7bf54901a7aa11543a989ee\byte-buddy-agent-1.14.11.jar;C:\Users\marce\.gradle\caches\modules-2\files-2.1\org.objenesis\objenesis\3.3\1049c09f1de4331e8193e579448d0916d75b7631\objenesis-3.3.jar;C:\Users\marce\.gradle\caches\modules-2\files-2.1\com.vaadin.external.google\android-json\0.0.20131108.vaadin1\fa26d351fe62a6a17f5cda1287c1c6110dec413f\android-json-0.0.20131108.vaadin1.jar;C:\Users\marce\.gradle\caches\modules-2\files-2.1\org.springframework\spring-jcl\6.1.3\a715e091ee86243ee94534a03f3c26b4e48de31e\spring-jcl-6.1.3.jar;C:\Users\marce\.gradle\caches\modules-2\files-2.1\io.micrometer\micrometer-commons\1.12.2\b44127d8ec7b3ef11a01912d1e6474e1167f3929\micrometer-commons-1.12.2.jar;C:\Users\marce\.gradle\caches\modules-2\files-2.1\org.ow2.asm\asm\9.3\8e6300ef51c1d801a7ed62d07cd221aca3a90640\asm-9.3.jar;C:\Users\marce\.gradle\caches\modules-2\files-2.1\org.opentest4j\opentest4j\1.3.0\152ea56b3a72f655d4fd677fc0ef2596c3dd5e6e\opentest4j-1.3.0.jar;C:\Users\marce\.gradle\caches\modules-2\files-2.1\ch.qos.logback\logback-core\1.4.14\4d3c2248219ac0effeb380ed4c5280a80bf395e8\logback-core-1.4.14.jar;C:\Users\marce\.gradle\caches\modules-2\files-2.1\org.apache.logging.log4j\log4j-api\2.21.1\74c65e87b9ce1694a01524e192d7be989ba70486\log4j-api-2.21.1.jar;C:\Users\marce\.gradle\wrapper\dists\gradle-8.5-bin\5t9huq95ubn472n8rpzujfbqh\gradle-8.5\lib\plugins\junit-platform-engine-1.8.2.jar;C:\Users\marce\.gradle\wrapper\dists\gradle-8.5-bin\5t9huq95ubn472n8rpzujfbqh\gradle-8.5\lib\plugins\junit-platform-launcher-1.8.2.jar;C:\Users\marce\.gradle\wrapper\dists\gradle-8.5-bin\5t9huq95ubn472n8rpzujfbqh\gradle-8.5\lib\plugins\junit-platform-commons-1.8.2.jar
Launcher Type: SUN_STANDARD

[Global flags]
     intx CICompilerCount                          = 4                                         {product} {ergonomic}
     uint ConcGCThreads                            = 2                                         {product} {ergonomic}
     uint G1ConcRefinementThreads                  = 8                                         {product} {ergonomic}
   size_t G1HeapRegionSize                         = 1048576                                   {product} {ergonomic}
    uintx GCDrainStackTargetSize                   = 64                                        {product} {ergonomic}
   size_t InitialHeapSize                          = 56623104                                  {product} {ergonomic}
   size_t MarkStackSize                            = 4194304                                   {product} {ergonomic}
   size_t MaxHeapSize                              = 536870912                                 {product} {command line}
   size_t MaxNewSize                               = 321912832                                 {product} {ergonomic}
   size_t MinHeapDeltaBytes                        = 1048576                                   {product} {ergonomic}
   size_t MinHeapSize                              = 8388608                                   {product} {ergonomic}
    uintx NonNMethodCodeHeapSize                   = 5839372                                {pd product} {ergonomic}
    uintx NonProfiledCodeHeapSize                  = 122909434                              {pd product} {ergonomic}
    uintx ProfiledCodeHeapSize                     = 122909434                              {pd product} {ergonomic}
    uintx ReservedCodeCacheSize                    = 251658240                              {pd product} {ergonomic}
     bool SegmentedCodeCache                       = true                                      {product} {ergonomic}
   size_t SoftMaxHeapSize                          = 536870912                              {manageable} {ergonomic}
     bool UseCompressedClassPointers               = true                           {product lp64_product} {ergonomic}
     bool UseCompressedOops                        = true                           {product lp64_product} {ergonomic}
     bool UseG1GC                                  = true                                      {product} {ergonomic}
     bool UseLargePagesIndividualAllocation        = false                                  {pd product} {ergonomic}

Logging:
Log output configuration:
 #0: stdout all=warning uptime,level,tags foldmultilines=false
 #1: stderr all=off uptime,level,tags foldmultilines=false

Environment Variables:
PATH=C:\Program Files\Eclipse Adoptium\jdk-17.0.10.7-hotspot\bin;C:\Program Files\Eclipse Adoptium\jdk-21.0.2.13-hotspot\bin;C:\Program Files\Common Files\Oracle\Java\javapath;C:\ProgramData\Oracle\Java\javapath;C:\WINDOWS\system32;C:\WINDOWS;C:\WINDOWS\System32\Wbem;C:\WINDOWS\System32\WindowsPowerShell\v1.0\;C:\WINDOWS\System32\OpenSSH\;C:\Program Files (x86)\Microsoft SQL Server\150\Tools\Binn\;C:\Program Files\Microsoft SQL Server\150\Tools\Binn\;C:\Program Files (x86)\Microsoft SQL Server\150\DTS\Binn\;C:\Program Files\Microsoft SQL Server\150\DTS\Binn\;C:\Program Files\Microsoft SQL Server\Client SDK\ODBC\170\Tools\Binn\;C:\Program Files\Git\cmd;C:\Program Files\nodejs\;C:\Program Files\dotnet\;C:\Program Files\Docker\Docker\resources\bin;C:\Users\marce\AppData\Local\Programs\Python\Python311\Scripts\;C:\Users\marce\AppData\Local\Programs\Python\Python311\;C:\Users\marce\AppData\Local\Microsoft\WindowsApps;C:\Users\marce\.dotnet\tools;C:\Program Files\JetBrains\CLion 2022.1\bin;C:\Program Files\JetBrains\JetBrains Rider 2022.1.1\bin;C:\Users\marce\AppData\Local\JetBrains\Toolbox\scripts;C:\Program Files\Azure Data Studio\bin;C:\Users\marce\AppData\Local\Programs\Microsoft VS Code\bin;C:\Users\marce\AppData\Roaming\npm;C:\Users\marce\AppData\Local\Microsoft\WindowsApps;C:\Users\marce\.dotnet\tools
USERNAME=marce
OS=Windows_NT
PROCESSOR_IDENTIFIER=AMD64 Family 23 Model 104 Stepping 1, AuthenticAMD



---------------  S Y S T E M  ---------------

OS:
 Windows 11 , 64 bit Build 22621 (10.0.22621.3374)
OS uptime: 1 days 4:11 hours
Hyper-V role detected

CPU: total 8 (initial active 8) (8 cores per cpu, 2 threads per core) family 23 model 104 stepping 1 microcode 0x0, cx8, cmov, fxsr, ht, mmx, 3dnowpref, sse, sse2, sse3, ssse3, sse4a, sse4.1, sse4.2, popcnt, lzcnt, tsc, tscinvbit, avx, avx2, aes, clmul, bmi1, bmi2, adx, sha, fma, vzeroupper, clflush, clflushopt, hv

Memory: 4k page, system-wide physical 3406M (283M free)
TotalPageFile size 13646M (AvailPageFile size 0M)
current process WorkingSet (physical memory assigned to process): 174M, peak: 174M
current process commit charge ("private bytes"): 213M, peak: 215M

vm_info: Java HotSpot(TM) 64-Bit Server VM (18.0.1.1+2-6) for windows-amd64 JRE (18.0.1.1+2-6), built on Apr 25 2022 21:53:15 by "mach5one" with MS VC++ 16.8 / 16.9 (VS2019)

END.
